Analysis & Synthesis report for porta1
Tue Dec  9 07:31:24 2025
Quartus Prime Version 24.1std.0 Build 1077 03/04/2025 SC Lite Edition


---------------------
; Table of Contents ;
---------------------
  1. Legal Notice
  2. Analysis & Synthesis Summary
  3. Analysis & Synthesis Settings
  4. Parallel Compilation
  5. Analysis & Synthesis Messages
  6. Analysis & Synthesis Suppressed Messages



----------------
; Legal Notice ;
----------------
Copyright (C) 2025  Altera Corporation. All rights reserved.
Your use of Altera Corporation's design tools, logic functions 
and other software and tools, and any partner logic 
functions, and any output files from any of the foregoing 
(including device programming or simulation files), and any 
associated documentation or information are expressly subject 
to the terms and conditions of the Altera Program License 
Subscription Agreement, the Altera Quartus Prime License Agreement,
the Altera IP License Agreement, or other applicable license
agreement, including, without limitation, that your use is for
the sole purpose of programming logic devices manufactured by
Altera and sold by Altera or its authorized distributors.  Please
refer to the Altera Software License Subscription Agreements 
on the Quartus Prime software download page.



+--------------------------------------------------------------------------------------+
; Analysis & Synthesis Summary                                                         ;
+------------------------------------+-------------------------------------------------+
; Analysis & Synthesis Status        ; Failed - Tue Dec  9 07:31:24 2025               ;
; Quartus Prime Version              ; 24.1std.0 Build 1077 03/04/2025 SC Lite Edition ;
; Revision Name                      ; porta1                                          ;
; Top-level Entity Name              ; tecladoejtop                                    ;
; Family                             ; Cyclone IV E                                    ;
; Total logic elements               ; N/A until Partition Merge                       ;
;     Total combinational functions  ; N/A until Partition Merge                       ;
;     Dedicated logic registers      ; N/A until Partition Merge                       ;
; Total registers                    ; N/A until Partition Merge                       ;
; Total pins                         ; N/A until Partition Merge                       ;
; Total virtual pins                 ; N/A until Partition Merge                       ;
; Total memory bits                  ; N/A until Partition Merge                       ;
; Embedded Multiplier 9-bit elements ; N/A until Partition Merge                       ;
; Total PLLs                         ; N/A until Partition Merge                       ;
+------------------------------------+-------------------------------------------------+


+------------------------------------------------------------------------------------------------------------+
; Analysis & Synthesis Settings                                                                              ;
+------------------------------------------------------------------+--------------------+--------------------+
; Option                                                           ; Setting            ; Default Value      ;
+------------------------------------------------------------------+--------------------+--------------------+
; Device                                                           ; EP4CE10E22C8       ;                    ;
; Top-level entity name                                            ; tecladoejtop       ; porta1             ;
; Family name                                                      ; Cyclone IV E       ; Cyclone V          ;
; Use smart compilation                                            ; Off                ; Off                ;
; Enable parallel Assembler and Timing Analyzer during compilation ; On                 ; On                 ;
; Enable compact report table                                      ; Off                ; Off                ;
; Restructure Multiplexers                                         ; Auto               ; Auto               ;
; Create Debugging Nodes for IP Cores                              ; Off                ; Off                ;
; Preserve fewer node names                                        ; On                 ; On                 ;
; Intel FPGA IP Evaluation Mode                                    ; Enable             ; Enable             ;
; Verilog Version                                                  ; Verilog_2001       ; Verilog_2001       ;
; VHDL Version                                                     ; VHDL_1993          ; VHDL_1993          ;
; State Machine Processing                                         ; Auto               ; Auto               ;
; Safe State Machine                                               ; Off                ; Off                ;
; Extract Verilog State Machines                                   ; On                 ; On                 ;
; Extract VHDL State Machines                                      ; On                 ; On                 ;
; Ignore Verilog initial constructs                                ; Off                ; Off                ;
; Iteration limit for constant Verilog loops                       ; 5000               ; 5000               ;
; Iteration limit for non-constant Verilog loops                   ; 250                ; 250                ;
; Add Pass-Through Logic to Inferred RAMs                          ; On                 ; On                 ;
; Infer RAMs from Raw Logic                                        ; On                 ; On                 ;
; Parallel Synthesis                                               ; On                 ; On                 ;
; DSP Block Balancing                                              ; Auto               ; Auto               ;
; NOT Gate Push-Back                                               ; On                 ; On                 ;
; Power-Up Don't Care                                              ; On                 ; On                 ;
; Remove Redundant Logic Cells                                     ; Off                ; Off                ;
; Remove Duplicate Registers                                       ; On                 ; On                 ;
; Ignore CARRY Buffers                                             ; Off                ; Off                ;
; Ignore CASCADE Buffers                                           ; Off                ; Off                ;
; Ignore GLOBAL Buffers                                            ; Off                ; Off                ;
; Ignore ROW GLOBAL Buffers                                        ; Off                ; Off                ;
; Ignore LCELL Buffers                                             ; Off                ; Off                ;
; Ignore SOFT Buffers                                              ; On                 ; On                 ;
; Limit AHDL Integers to 32 Bits                                   ; Off                ; Off                ;
; Optimization Technique                                           ; Balanced           ; Balanced           ;
; Carry Chain Length                                               ; 70                 ; 70                 ;
; Auto Carry Chains                                                ; On                 ; On                 ;
; Auto Open-Drain Pins                                             ; On                 ; On                 ;
; Perform WYSIWYG Primitive Resynthesis                            ; Off                ; Off                ;
; Auto ROM Replacement                                             ; On                 ; On                 ;
; Auto RAM Replacement                                             ; On                 ; On                 ;
; Auto DSP Block Replacement                                       ; On                 ; On                 ;
; Auto Shift Register Replacement                                  ; Auto               ; Auto               ;
; Allow Shift Register Merging across Hierarchies                  ; Auto               ; Auto               ;
; Auto Clock Enable Replacement                                    ; On                 ; On                 ;
; Strict RAM Replacement                                           ; Off                ; Off                ;
; Allow Synchronous Control Signals                                ; On                 ; On                 ;
; Force Use of Synchronous Clear Signals                           ; Off                ; Off                ;
; Auto RAM Block Balancing                                         ; On                 ; On                 ;
; Auto RAM to Logic Cell Conversion                                ; Off                ; Off                ;
; Auto Resource Sharing                                            ; Off                ; Off                ;
; Allow Any RAM Size For Recognition                               ; Off                ; Off                ;
; Allow Any ROM Size For Recognition                               ; Off                ; Off                ;
; Allow Any Shift Register Size For Recognition                    ; Off                ; Off                ;
; Use LogicLock Constraints during Resource Balancing              ; On                 ; On                 ;
; Ignore translate_off and synthesis_off directives                ; Off                ; Off                ;
; Timing-Driven Synthesis                                          ; On                 ; On                 ;
; Report Parameter Settings                                        ; On                 ; On                 ;
; Report Source Assignments                                        ; On                 ; On                 ;
; Report Connectivity Checks                                       ; On                 ; On                 ;
; Ignore Maximum Fan-Out Assignments                               ; Off                ; Off                ;
; Synchronization Register Chain Length                            ; 2                  ; 2                  ;
; Power Optimization During Synthesis                              ; Normal compilation ; Normal compilation ;
; HDL message level                                                ; Level2             ; Level2             ;
; Suppress Register Optimization Related Messages                  ; Off                ; Off                ;
; Number of Removed Registers Reported in Synthesis Report         ; 5000               ; 5000               ;
; Number of Swept Nodes Reported in Synthesis Report               ; 5000               ; 5000               ;
; Number of Inverted Registers Reported in Synthesis Report        ; 100                ; 100                ;
; Clock MUX Protection                                             ; On                 ; On                 ;
; Auto Gated Clock Conversion                                      ; Off                ; Off                ;
; Block Design Naming                                              ; Auto               ; Auto               ;
; SDC constraint protection                                        ; Off                ; Off                ;
; Synthesis Effort                                                 ; Auto               ; Auto               ;
; Shift Register Replacement - Allow Asynchronous Clear Signal     ; On                 ; On                 ;
; Pre-Mapping Resynthesis Optimization                             ; Off                ; Off                ;
; Analysis & Synthesis Message Level                               ; Medium             ; Medium             ;
; Disable Register Merging Across Hierarchies                      ; Auto               ; Auto               ;
; Resource Aware Inference For Block RAM                           ; On                 ; On                 ;
+------------------------------------------------------------------+--------------------+--------------------+


+------------------------------------------+
; Parallel Compilation                     ;
+----------------------------+-------------+
; Processors                 ; Number      ;
+----------------------------+-------------+
; Number detected on machine ; 4           ;
; Maximum allowed            ; 2           ;
;                            ;             ;
; Average used               ; 1.00        ;
; Maximum used               ; 1           ;
;                            ;             ;
; Usage by Processor         ; % Time Used ;
;     Processor 1            ; 100.0%      ;
+----------------------------+-------------+


+-------------------------------+
; Analysis & Synthesis Messages ;
+-------------------------------+
Info: *******************************************************************
Info: Running Quartus Prime Analysis & Synthesis
    Info: Version 24.1std.0 Build 1077 03/04/2025 SC Lite Edition
    Info: Processing started: Tue Dec  9 07:31:11 2025
Info: Command: quartus_map --read_settings_files=on --write_settings_files=off porta1 -c porta1
Warning (18236): Number of processors has not been specified which may cause overloading on shared machines.  Set the global assignment NUM_PARALLEL_PROCESSORS in your QSF to an appropriate value for best performance.
Info (20030): Parallel compilation is enabled and will use 2 of the 2 processors detected
Info (12021): Found 1 design units, including 1 entities, in source file compt.v
    Info (12023): Found entity 1: compt File: /home/alejandro/github-classroom/digital-electronics-UNAL/proyecto-2025-ii-ed-g5-e1/proyecto/compt.v Line: 1
Info (12021): Found 1 design units, including 1 entities, in source file div_f.v
    Info (12023): Found entity 1: div_f File: /home/alejandro/github-classroom/digital-electronics-UNAL/proyecto-2025-ii-ed-g5-e1/proyecto/div_f.v Line: 1
Info (12021): Found 1 design units, including 1 entities, in source file swept.v
    Info (12023): Found entity 1: swept File: /home/alejandro/github-classroom/digital-electronics-UNAL/proyecto-2025-ii-ed-g5-e1/proyecto/swept.v Line: 1
Info (12021): Found 1 design units, including 1 entities, in source file tecladoejtop.v
    Info (12023): Found entity 1: tecladoejtop File: /home/alejandro/github-classroom/digital-electronics-UNAL/proyecto-2025-ii-ed-g5-e1/proyecto/tecladoejtop.v Line: 1
Info (12127): Elaborating entity "tecladoejtop" for the top level hierarchy
Info (12128): Elaborating entity "div_f" for hierarchy "div_f:div" File: /home/alejandro/github-classroom/digital-electronics-UNAL/proyecto-2025-ii-ed-g5-e1/proyecto/tecladoejtop.v Line: 11
Info (12128): Elaborating entity "swept" for hierarchy "swept:sp" File: /home/alejandro/github-classroom/digital-electronics-UNAL/proyecto-2025-ii-ed-g5-e1/proyecto/tecladoejtop.v Line: 12
Info (12128): Elaborating entity "compt" for hierarchy "compt:comp" File: /home/alejandro/github-classroom/digital-electronics-UNAL/proyecto-2025-ii-ed-g5-e1/proyecto/tecladoejtop.v Line: 13
Info (10264): Verilog HDL Case Statement information at compt.v(16): all case item expressions in this case statement are onehot File: /home/alejandro/github-classroom/digital-electronics-UNAL/proyecto-2025-ii-ed-g5-e1/proyecto/compt.v Line: 16
Info (10264): Verilog HDL Case Statement information at compt.v(29): all case item expressions in this case statement are onehot File: /home/alejandro/github-classroom/digital-electronics-UNAL/proyecto-2025-ii-ed-g5-e1/proyecto/compt.v Line: 29
Info (10264): Verilog HDL Case Statement information at compt.v(42): all case item expressions in this case statement are onehot File: /home/alejandro/github-classroom/digital-electronics-UNAL/proyecto-2025-ii-ed-g5-e1/proyecto/compt.v Line: 42
Info (10264): Verilog HDL Case Statement information at compt.v(55): all case item expressions in this case statement are onehot File: /home/alejandro/github-classroom/digital-electronics-UNAL/proyecto-2025-ii-ed-g5-e1/proyecto/compt.v Line: 55
Error (12014): Net "rows[3]", which fans out to "compt:comp|rows[3]", cannot be assigned more than one value File: /home/alejandro/github-classroom/digital-electronics-UNAL/proyecto-2025-ii-ed-g5-e1/proyecto/tecladoejtop.v Line: 4
    Error (12015): Net is fed by "swept:sp|rows[3]" File: /home/alejandro/github-classroom/digital-electronics-UNAL/proyecto-2025-ii-ed-g5-e1/proyecto/swept.v Line: 7
    Error (12015): Net is fed by "rows[3]" File: /home/alejandro/github-classroom/digital-electronics-UNAL/proyecto-2025-ii-ed-g5-e1/proyecto/tecladoejtop.v Line: 4
Error (12014): Net "rows[2]", which fans out to "compt:comp|rows[2]", cannot be assigned more than one value File: /home/alejandro/github-classroom/digital-electronics-UNAL/proyecto-2025-ii-ed-g5-e1/proyecto/tecladoejtop.v Line: 4
    Error (12015): Net is fed by "swept:sp|rows[2]" File: /home/alejandro/github-classroom/digital-electronics-UNAL/proyecto-2025-ii-ed-g5-e1/proyecto/swept.v Line: 7
    Error (12015): Net is fed by "rows[2]" File: /home/alejandro/github-classroom/digital-electronics-UNAL/proyecto-2025-ii-ed-g5-e1/proyecto/tecladoejtop.v Line: 4
Error (12014): Net "rows[1]", which fans out to "compt:comp|rows[1]", cannot be assigned more than one value File: /home/alejandro/github-classroom/digital-electronics-UNAL/proyecto-2025-ii-ed-g5-e1/proyecto/tecladoejtop.v Line: 4
    Error (12015): Net is fed by "swept:sp|rows[1]" File: /home/alejandro/github-classroom/digital-electronics-UNAL/proyecto-2025-ii-ed-g5-e1/proyecto/swept.v Line: 7
    Error (12015): Net is fed by "rows[1]" File: /home/alejandro/github-classroom/digital-electronics-UNAL/proyecto-2025-ii-ed-g5-e1/proyecto/tecladoejtop.v Line: 4
Error (12014): Net "rows[0]", which fans out to "compt:comp|rows[0]", cannot be assigned more than one value File: /home/alejandro/github-classroom/digital-electronics-UNAL/proyecto-2025-ii-ed-g5-e1/proyecto/tecladoejtop.v Line: 4
    Error (12015): Net is fed by "swept:sp|rows[0]" File: /home/alejandro/github-classroom/digital-electronics-UNAL/proyecto-2025-ii-ed-g5-e1/proyecto/swept.v Line: 7
    Error (12015): Net is fed by "rows[0]" File: /home/alejandro/github-classroom/digital-electronics-UNAL/proyecto-2025-ii-ed-g5-e1/proyecto/tecladoejtop.v Line: 4
Info (144001): Generated suppressed messages file /home/alejandro/github-classroom/digital-electronics-UNAL/proyecto-2025-ii-ed-g5-e1/proyecto/output_files/porta1.map.smsg
Error: Quartus Prime Analysis & Synthesis was unsuccessful. 12 errors, 1 warning
    Error: Peak virtual memory: 340 megabytes
    Error: Processing ended: Tue Dec  9 07:31:24 2025
    Error: Elapsed time: 00:00:13
    Error: Total CPU time (on all processors): 00:00:32


+------------------------------------------+
; Analysis & Synthesis Suppressed Messages ;
+------------------------------------------+
The suppressed messages can be found in /home/alejandro/github-classroom/digital-electronics-UNAL/proyecto-2025-ii-ed-g5-e1/proyecto/output_files/porta1.map.smsg.


