Analysis & Synthesis report for lcdconultra
Fri Dec 12 14:52:50 2025
Quartus Prime Version 24.1std.0 Build 1077 03/04/2025 SC Lite Edition


---------------------
; Table of Contents ;
---------------------
  1. Legal Notice
  2. Analysis & Synthesis Summary
  3. Analysis & Synthesis Settings
  4. Parallel Compilation
  5. Analysis & Synthesis Source Files Read
  6. Analysis & Synthesis Resource Usage Summary
  7. Analysis & Synthesis Resource Utilization by Entity
  8. State Machine - |topultralcd|mensaje_Off_LCD:afu|fsm_state
  9. State Machine - |topultralcd|hcsr04_distancia:uls|estado
 10. Registers Removed During Synthesis
 11. General Register Statistics
 12. Multiplexer Restructuring Statistics (Restructuring Performed)
 13. Parameter Settings for User Entity Instance: mensaje_Off_LCD:afu
 14. Post-Synthesis Netlist Statistics for Top Partition
 15. Elapsed Time Per Partition
 16. Analysis & Synthesis Messages
 17. Analysis & Synthesis Suppressed Messages



----------------
; Legal Notice ;
----------------
Copyright (C) 2025  Altera Corporation. All rights reserved.
Your use of Altera Corporation's design tools, logic functions 
and other software and tools, and any partner logic 
functions, and any output files from any of the foregoing 
(including device programming or simulation files), and any 
associated documentation or information are expressly subject 
to the terms and conditions of the Altera Program License 
Subscription Agreement, the Altera Quartus Prime License Agreement,
the Altera IP License Agreement, or other applicable license
agreement, including, without limitation, that your use is for
the sole purpose of programming logic devices manufactured by
Altera and sold by Altera or its authorized distributors.  Please
refer to the Altera Software License Subscription Agreements 
on the Quartus Prime software download page.



+--------------------------------------------------------------------------------------+
; Analysis & Synthesis Summary                                                         ;
+------------------------------------+-------------------------------------------------+
; Analysis & Synthesis Status        ; Successful - Fri Dec 12 14:52:50 2025           ;
; Quartus Prime Version              ; 24.1std.0 Build 1077 03/04/2025 SC Lite Edition ;
; Revision Name                      ; lcdconultra                                     ;
; Top-level Entity Name              ; topultralcd                                     ;
; Family                             ; Cyclone IV E                                    ;
; Total logic elements               ; 208                                             ;
;     Total combinational functions  ; 181                                             ;
;     Dedicated logic registers      ; 110                                             ;
; Total registers                    ; 110                                             ;
; Total pins                         ; 19                                              ;
; Total virtual pins                 ; 0                                               ;
; Total memory bits                  ; 0                                               ;
; Embedded Multiplier 9-bit elements ; 0                                               ;
; Total PLLs                         ; 0                                               ;
+------------------------------------+-------------------------------------------------+


+------------------------------------------------------------------------------------------------------------+
; Analysis & Synthesis Settings                                                                              ;
+------------------------------------------------------------------+--------------------+--------------------+
; Option                                                           ; Setting            ; Default Value      ;
+------------------------------------------------------------------+--------------------+--------------------+
; Device                                                           ; EP4CE10E22C8       ;                    ;
; Top-level entity name                                            ; topultralcd        ; lcdconultra        ;
; Family name                                                      ; Cyclone IV E       ; Cyclone V          ;
; Use smart compilation                                            ; Off                ; Off                ;
; Enable parallel Assembler and Timing Analyzer during compilation ; On                 ; On                 ;
; Enable compact report table                                      ; Off                ; Off                ;
; Restructure Multiplexers                                         ; Auto               ; Auto               ;
; Create Debugging Nodes for IP Cores                              ; Off                ; Off                ;
; Preserve fewer node names                                        ; On                 ; On                 ;
; Intel FPGA IP Evaluation Mode                                    ; Enable             ; Enable             ;
; Verilog Version                                                  ; Verilog_2001       ; Verilog_2001       ;
; VHDL Version                                                     ; VHDL_1993          ; VHDL_1993          ;
; State Machine Processing                                         ; Auto               ; Auto               ;
; Safe State Machine                                               ; Off                ; Off                ;
; Extract Verilog State Machines                                   ; On                 ; On                 ;
; Extract VHDL State Machines                                      ; On                 ; On                 ;
; Ignore Verilog initial constructs                                ; Off                ; Off                ;
; Iteration limit for constant Verilog loops                       ; 5000               ; 5000               ;
; Iteration limit for non-constant Verilog loops                   ; 250                ; 250                ;
; Add Pass-Through Logic to Inferred RAMs                          ; On                 ; On                 ;
; Infer RAMs from Raw Logic                                        ; On                 ; On                 ;
; Parallel Synthesis                                               ; On                 ; On                 ;
; DSP Block Balancing                                              ; Auto               ; Auto               ;
; NOT Gate Push-Back                                               ; On                 ; On                 ;
; Power-Up Don't Care                                              ; On                 ; On                 ;
; Remove Redundant Logic Cells                                     ; Off                ; Off                ;
; Remove Duplicate Registers                                       ; On                 ; On                 ;
; Ignore CARRY Buffers                                             ; Off                ; Off                ;
; Ignore CASCADE Buffers                                           ; Off                ; Off                ;
; Ignore GLOBAL Buffers                                            ; Off                ; Off                ;
; Ignore ROW GLOBAL Buffers                                        ; Off                ; Off                ;
; Ignore LCELL Buffers                                             ; Off                ; Off                ;
; Ignore SOFT Buffers                                              ; On                 ; On                 ;
; Limit AHDL Integers to 32 Bits                                   ; Off                ; Off                ;
; Optimization Technique                                           ; Balanced           ; Balanced           ;
; Carry Chain Length                                               ; 70                 ; 70                 ;
; Auto Carry Chains                                                ; On                 ; On                 ;
; Auto Open-Drain Pins                                             ; On                 ; On                 ;
; Perform WYSIWYG Primitive Resynthesis                            ; Off                ; Off                ;
; Auto ROM Replacement                                             ; On                 ; On                 ;
; Auto RAM Replacement                                             ; On                 ; On                 ;
; Auto DSP Block Replacement                                       ; On                 ; On                 ;
; Auto Shift Register Replacement                                  ; Auto               ; Auto               ;
; Allow Shift Register Merging across Hierarchies                  ; Auto               ; Auto               ;
; Auto Clock Enable Replacement                                    ; On                 ; On                 ;
; Strict RAM Replacement                                           ; Off                ; Off                ;
; Allow Synchronous Control Signals                                ; On                 ; On                 ;
; Force Use of Synchronous Clear Signals                           ; Off                ; Off                ;
; Auto RAM Block Balancing                                         ; On                 ; On                 ;
; Auto RAM to Logic Cell Conversion                                ; Off                ; Off                ;
; Auto Resource Sharing                                            ; Off                ; Off                ;
; Allow Any RAM Size For Recognition                               ; Off                ; Off                ;
; Allow Any ROM Size For Recognition                               ; Off                ; Off                ;
; Allow Any Shift Register Size For Recognition                    ; Off                ; Off                ;
; Use LogicLock Constraints during Resource Balancing              ; On                 ; On                 ;
; Ignore translate_off and synthesis_off directives                ; Off                ; Off                ;
; Timing-Driven Synthesis                                          ; On                 ; On                 ;
; Report Parameter Settings                                        ; On                 ; On                 ;
; Report Source Assignments                                        ; On                 ; On                 ;
; Report Connectivity Checks                                       ; On                 ; On                 ;
; Ignore Maximum Fan-Out Assignments                               ; Off                ; Off                ;
; Synchronization Register Chain Length                            ; 2                  ; 2                  ;
; Power Optimization During Synthesis                              ; Normal compilation ; Normal compilation ;
; HDL message level                                                ; Level2             ; Level2             ;
; Suppress Register Optimization Related Messages                  ; Off                ; Off                ;
; Number of Removed Registers Reported in Synthesis Report         ; 5000               ; 5000               ;
; Number of Swept Nodes Reported in Synthesis Report               ; 5000               ; 5000               ;
; Number of Inverted Registers Reported in Synthesis Report        ; 100                ; 100                ;
; Clock MUX Protection                                             ; On                 ; On                 ;
; Auto Gated Clock Conversion                                      ; Off                ; Off                ;
; Block Design Naming                                              ; Auto               ; Auto               ;
; SDC constraint protection                                        ; Off                ; Off                ;
; Synthesis Effort                                                 ; Auto               ; Auto               ;
; Shift Register Replacement - Allow Asynchronous Clear Signal     ; On                 ; On                 ;
; Pre-Mapping Resynthesis Optimization                             ; Off                ; Off                ;
; Analysis & Synthesis Message Level                               ; Medium             ; Medium             ;
; Disable Register Merging Across Hierarchies                      ; Auto               ; Auto               ;
; Resource Aware Inference For Block RAM                           ; On                 ; On                 ;
+------------------------------------------------------------------+--------------------+--------------------+


+------------------------------------------+
; Parallel Compilation                     ;
+----------------------------+-------------+
; Processors                 ; Number      ;
+----------------------------+-------------+
; Number detected on machine ; 4           ;
; Maximum allowed            ; 2           ;
;                            ;             ;
; Average used               ; 1.00        ;
; Maximum used               ; 2           ;
;                            ;             ;
; Usage by Processor         ; % Time Used ;
;     Processor 1            ; 100.0%      ;
;     Processor 2            ;   0.0%      ;
+----------------------------+-------------+


+----------------------------------------------------------------------------------------------------------------------------------------------------------------------------------------------------------+
; Analysis & Synthesis Source Files Read                                                                                                                                                                   ;
+----------------------------------+-----------------+------------------------+------------------------------------------------------------------------------------------------------------------+---------+
; File Name with User-Entered Path ; Used in Netlist ; File Type              ; File Name with Absolute Path                                                                                     ; Library ;
+----------------------------------+-----------------+------------------------+------------------------------------------------------------------------------------------------------------------+---------+
; proyecto/mensaje_Off_LCD.v       ; yes             ; User Verilog HDL File  ; /home/alejandro/github-classroom/digital-electronics-UNAL/proyecto-2025-ii-ed-g5-e1/proyecto/mensaje_Off_LCD.v   ;         ;
; proyecto/toplcdultra.v           ; yes             ; User Verilog HDL File  ; /home/alejandro/github-classroom/digital-electronics-UNAL/proyecto-2025-ii-ed-g5-e1/proyecto/toplcdultra.v       ;         ;
; proyecto/hcsr_04_distancia.v     ; yes             ; User Verilog HDL File  ; /home/alejandro/github-classroom/digital-electronics-UNAL/proyecto-2025-ii-ed-g5-e1/proyecto/hcsr_04_distancia.v ;         ;
+----------------------------------+-----------------+------------------------+------------------------------------------------------------------------------------------------------------------+---------+


+---------------------------------------------------------+
; Analysis & Synthesis Resource Usage Summary             ;
+---------------------------------------------+-----------+
; Resource                                    ; Usage     ;
+---------------------------------------------+-----------+
; Estimated Total logic elements              ; 208       ;
;                                             ;           ;
; Total combinational functions               ; 181       ;
; Logic element usage by number of LUT inputs ;           ;
;     -- 4 input functions                    ; 91        ;
;     -- 3 input functions                    ; 22        ;
;     -- <=2 input functions                  ; 68        ;
;                                             ;           ;
; Logic elements by mode                      ;           ;
;     -- normal mode                          ; 127       ;
;     -- arithmetic mode                      ; 54        ;
;                                             ;           ;
; Total registers                             ; 110       ;
;     -- Dedicated logic registers            ; 110       ;
;     -- I/O registers                        ; 0         ;
;                                             ;           ;
; I/O pins                                    ; 19        ;
;                                             ;           ;
; Embedded Multiplier 9-bit elements          ; 0         ;
;                                             ;           ;
; Maximum fan-out node                        ; clk~input ;
; Maximum fan-out                             ; 87        ;
; Total fan-out                               ; 986       ;
; Average fan-out                             ; 3.00      ;
+---------------------------------------------+-----------+


+-----------------------------------------------------------------------------------------------------------------------------------------------------------------------------------------------------------------------------+
; Analysis & Synthesis Resource Utilization by Entity                                                                                                                                                                         ;
+----------------------------+---------------------+---------------------------+-------------+--------------+---------+-----------+------+--------------+-----------------------------------+------------------+--------------+
; Compilation Hierarchy Node ; Combinational ALUTs ; Dedicated Logic Registers ; Memory Bits ; DSP Elements ; DSP 9x9 ; DSP 18x18 ; Pins ; Virtual Pins ; Full Hierarchy Name               ; Entity Name      ; Library Name ;
+----------------------------+---------------------+---------------------------+-------------+--------------+---------+-----------+------+--------------+-----------------------------------+------------------+--------------+
; |topultralcd               ; 181 (0)             ; 110 (0)                   ; 0           ; 0            ; 0       ; 0         ; 19   ; 0            ; |topultralcd                      ; topultralcd      ; work         ;
;    |hcsr04_distancia:uls|  ; 65 (65)             ; 66 (66)                   ; 0           ; 0            ; 0       ; 0         ; 0    ; 0            ; |topultralcd|hcsr04_distancia:uls ; hcsr04_distancia ; work         ;
;    |mensaje_Off_LCD:afu|   ; 116 (116)           ; 44 (44)                   ; 0           ; 0            ; 0       ; 0         ; 0    ; 0            ; |topultralcd|mensaje_Off_LCD:afu  ; mensaje_Off_LCD  ; work         ;
+----------------------------+---------------------+---------------------------+-------------+--------------+---------+-----------+------+--------------+-----------------------------------+------------------+--------------+
Note: For table entries with two numbers listed, the numbers in parentheses indicate the number of resources of the given type used by the specific entity alone. The numbers listed outside of parentheses indicate the total resources of the given type used by the specific entity and all of its sub-entities in the hierarchy.


Encoding Type:  One-Hot
+-----------------------------------------------------------------------------------------------------------------------------+
; State Machine - |topultralcd|mensaje_Off_LCD:afu|fsm_state                                                                  ;
+----------------------+-------------------+----------------------+-------------------+----------------+----------------------+
; Name                 ; fsm_state.WR_TEXT ; fsm_state.CONFIG_CMD ; fsm_state.APAGADO ; fsm_state.IDLE ; fsm_state.CHANGE_MNS ;
+----------------------+-------------------+----------------------+-------------------+----------------+----------------------+
; fsm_state.IDLE       ; 0                 ; 0                    ; 0                 ; 0              ; 0                    ;
; fsm_state.APAGADO    ; 0                 ; 0                    ; 1                 ; 1              ; 0                    ;
; fsm_state.CONFIG_CMD ; 0                 ; 1                    ; 0                 ; 1              ; 0                    ;
; fsm_state.WR_TEXT    ; 1                 ; 0                    ; 0                 ; 1              ; 0                    ;
; fsm_state.CHANGE_MNS ; 0                 ; 0                    ; 0                 ; 1              ; 1                    ;
+----------------------+-------------------+----------------------+-------------------+----------------+----------------------+


Encoding Type:  One-Hot
+---------------------------------------------------------------------------------------+
; State Machine - |topultralcd|hcsr04_distancia:uls|estado                              ;
+---------------+--------------+---------------+-------------+-------------+------------+
; Name          ; estado.MIDIR ; estado.ESPERA ; estado.TRIG ; estado.IDLE ; estado.FIN ;
+---------------+--------------+---------------+-------------+-------------+------------+
; estado.IDLE   ; 0            ; 0             ; 0           ; 0           ; 0          ;
; estado.TRIG   ; 0            ; 0             ; 1           ; 1           ; 0          ;
; estado.ESPERA ; 0            ; 1             ; 0           ; 1           ; 0          ;
; estado.MIDIR  ; 1            ; 0             ; 0           ; 1           ; 0          ;
; estado.FIN    ; 0            ; 0             ; 0           ; 1           ; 1          ;
+---------------+--------------+---------------+-------------+-------------+------------+


+---------------------------------------------------------------------------------+
; Registers Removed During Synthesis                                              ;
+----------------------------------------+----------------------------------------+
; Register name                          ; Reason for Removal                     ;
+----------------------------------------+----------------------------------------+
; hcsr04_distancia:uls|tiempo_echo[0..4] ; Lost fanout                            ;
; mensaje_Off_LCD:afu|dat[7]             ; Stuck at GND due to stuck port data_in ;
; mensaje_Off_LCD:afu|fsm_state~2        ; Lost fanout                            ;
; mensaje_Off_LCD:afu|fsm_state~3        ; Lost fanout                            ;
; hcsr04_distancia:uls|estado~9          ; Lost fanout                            ;
; hcsr04_distancia:uls|estado~10         ; Lost fanout                            ;
; Total Number of Removed Registers = 10 ;                                        ;
+----------------------------------------+----------------------------------------+


+------------------------------------------------------+
; General Register Statistics                          ;
+----------------------------------------------+-------+
; Statistic                                    ; Value ;
+----------------------------------------------+-------+
; Total registers                              ; 110   ;
; Number of registers using Synchronous Clear  ; 47    ;
; Number of registers using Synchronous Load   ; 0     ;
; Number of registers using Asynchronous Clear ; 66    ;
; Number of registers using Asynchronous Load  ; 0     ;
; Number of registers using Clock Enable       ; 62    ;
; Number of registers using Preset             ; 0     ;
+----------------------------------------------+-------+


+--------------------------------------------------------------------------------------------------------------------------------------------------------------+
; Multiplexer Restructuring Statistics (Restructuring Performed)                                                                                               ;
+--------------------+-----------+---------------+----------------------+------------------------+------------+------------------------------------------------+
; Multiplexer Inputs ; Bus Width ; Baseline Area ; Area if Restructured ; Saving if Restructured ; Registered ; Example Multiplexer Output                     ;
+--------------------+-----------+---------------+----------------------+------------------------+------------+------------------------------------------------+
; 3:1                ; 2 bits    ; 4 LEs         ; 2 LEs                ; 2 LEs                  ; Yes        ; |topultralcd|mensaje_Off_LCD:afu|mns_prev[0]   ;
; 7:1                ; 32 bits   ; 128 LEs       ; 32 LEs               ; 96 LEs                 ; Yes        ; |topultralcd|hcsr04_distancia:uls|contador[19] ;
; 5:1                ; 3 bits    ; 9 LEs         ; 6 LEs                ; 3 LEs                  ; No         ; |topultralcd|mensaje_Off_LCD:afu|dat           ;
; 7:1                ; 3 bits    ; 12 LEs        ; 9 LEs                ; 3 LEs                  ; No         ; |topultralcd|hcsr04_distancia:uls|Selector35   ;
; 8:1                ; 2 bits    ; 10 LEs        ; 6 LEs                ; 4 LEs                  ; No         ; |topultralcd|hcsr04_distancia:uls|Selector34   ;
+--------------------+-----------+---------------+----------------------+------------------------+------------+------------------------------------------------+


+------------------------------------------------------------------+
; Parameter Settings for User Entity Instance: mensaje_Off_LCD:afu ;
+----------------+--------+----------------------------------------+
; Parameter Name ; Value  ; Type                                   ;
+----------------+--------+----------------------------------------+
; NUM_COMMANDS   ; 4      ; Signed Integer                         ;
; NUM_DATA       ; 16     ; Signed Integer                         ;
; DATA_BITS      ; 8      ; Signed Integer                         ;
; COUNT_MAX      ; 800000 ; Signed Integer                         ;
+----------------+--------+----------------------------------------+
Note: In order to hide this table in the UI and the text report file, please set the "Show Parameter Settings in Synthesis Report" option in "Analysis and Synthesis Settings -> More Settings" to "Off".


+-----------------------------------------------------+
; Post-Synthesis Netlist Statistics for Top Partition ;
+-----------------------+-----------------------------+
; Type                  ; Count                       ;
+-----------------------+-----------------------------+
; boundary_port         ; 19                          ;
; cycloneiii_ff         ; 110                         ;
;     CLR               ; 7                           ;
;     ENA               ; 3                           ;
;     ENA CLR           ; 27                          ;
;     ENA CLR SCLR      ; 32                          ;
;     SCLR              ; 15                          ;
;     plain             ; 26                          ;
; cycloneiii_lcell_comb ; 182                         ;
;     arith             ; 54                          ;
;         2 data inputs ; 54                          ;
;     normal            ; 128                         ;
;         0 data inputs ; 1                           ;
;         1 data inputs ; 4                           ;
;         2 data inputs ; 10                          ;
;         3 data inputs ; 22                          ;
;         4 data inputs ; 91                          ;
;                       ;                             ;
; Max LUT depth         ; 5.00                        ;
; Average LUT depth     ; 3.39                        ;
+-----------------------+-----------------------------+


+-------------------------------+
; Elapsed Time Per Partition    ;
+----------------+--------------+
; Partition Name ; Elapsed Time ;
+----------------+--------------+
; Top            ; 00:00:01     ;
+----------------+--------------+


+-------------------------------+
; Analysis & Synthesis Messages ;
+-------------------------------+
Info: *******************************************************************
Info: Running Quartus Prime Analysis & Synthesis
    Info: Version 24.1std.0 Build 1077 03/04/2025 SC Lite Edition
    Info: Processing started: Fri Dec 12 14:52:36 2025
Info: Command: quartus_map --read_settings_files=on --write_settings_files=off lcdconultra -c lcdconultra
Warning (18236): Number of processors has not been specified which may cause overloading on shared machines.  Set the global assignment NUM_PARALLEL_PROCESSORS in your QSF to an appropriate value for best performance.
Info (20030): Parallel compilation is enabled and will use 2 of the 2 processors detected
Info (12021): Found 1 design units, including 1 entities, in source file proyecto/mensaje_Off_LCD.v
    Info (12023): Found entity 1: mensaje_Off_LCD File: /home/alejandro/github-classroom/digital-electronics-UNAL/proyecto-2025-ii-ed-g5-e1/proyecto/mensaje_Off_LCD.v Line: 1
Info (12021): Found 1 design units, including 1 entities, in source file proyecto/toplcdultra.v
    Info (12023): Found entity 1: topultralcd File: /home/alejandro/github-classroom/digital-electronics-UNAL/proyecto-2025-ii-ed-g5-e1/proyecto/toplcdultra.v Line: 1
Warning (10261): Verilog HDL Event Control warning at hcsr_04_distancia.v(24): Event Control contains a complex event expression File: /home/alejandro/github-classroom/digital-electronics-UNAL/proyecto-2025-ii-ed-g5-e1/proyecto/hcsr_04_distancia.v Line: 24
Info (12021): Found 1 design units, including 1 entities, in source file proyecto/hcsr_04_distancia.v
    Info (12023): Found entity 1: hcsr04_distancia File: /home/alejandro/github-classroom/digital-electronics-UNAL/proyecto-2025-ii-ed-g5-e1/proyecto/hcsr_04_distancia.v Line: 1
Info (12127): Elaborating entity "topultralcd" for the top level hierarchy
Info (12128): Elaborating entity "hcsr04_distancia" for hierarchy "hcsr04_distancia:uls" File: /home/alejandro/github-classroom/digital-electronics-UNAL/proyecto-2025-ii-ed-g5-e1/proyecto/toplcdultra.v Line: 27
Info (12128): Elaborating entity "mensaje_Off_LCD" for hierarchy "mensaje_Off_LCD:afu" File: /home/alejandro/github-classroom/digital-electronics-UNAL/proyecto-2025-ii-ed-g5-e1/proyecto/toplcdultra.v Line: 39
Warning (10036): Verilog HDL or VHDL warning at mensaje_Off_LCD.v(41): object "Apagar" assigned a value but never read File: /home/alejandro/github-classroom/digital-electronics-UNAL/proyecto-2025-ii-ed-g5-e1/proyecto/mensaje_Off_LCD.v Line: 41
Warning (10230): Verilog HDL assignment warning at mensaje_Off_LCD.v(146): truncated value with size 32 to match size of target (20) File: /home/alejandro/github-classroom/digital-electronics-UNAL/proyecto-2025-ii-ed-g5-e1/proyecto/mensaje_Off_LCD.v Line: 146
Warning (10230): Verilog HDL assignment warning at mensaje_Off_LCD.v(207): truncated value with size 32 to match size of target (3) File: /home/alejandro/github-classroom/digital-electronics-UNAL/proyecto-2025-ii-ed-g5-e1/proyecto/mensaje_Off_LCD.v Line: 207
Warning (10230): Verilog HDL assignment warning at mensaje_Off_LCD.v(232): truncated value with size 32 to match size of target (5) File: /home/alejandro/github-classroom/digital-electronics-UNAL/proyecto-2025-ii-ed-g5-e1/proyecto/mensaje_Off_LCD.v Line: 232
Warning (10030): Net "config_mem.data_a" at mensaje_Off_LCD.v(44) has no driver or initial value, using a default initial value '0' File: /home/alejandro/github-classroom/digital-electronics-UNAL/proyecto-2025-ii-ed-g5-e1/proyecto/mensaje_Off_LCD.v Line: 44
Warning (10030): Net "config_mem.waddr_a" at mensaje_Off_LCD.v(44) has no driver or initial value, using a default initial value '0' File: /home/alejandro/github-classroom/digital-electronics-UNAL/proyecto-2025-ii-ed-g5-e1/proyecto/mensaje_Off_LCD.v Line: 44
Warning (10030): Net "mensaje0.data_a" at mensaje_Off_LCD.v(45) has no driver or initial value, using a default initial value '0' File: /home/alejandro/github-classroom/digital-electronics-UNAL/proyecto-2025-ii-ed-g5-e1/proyecto/mensaje_Off_LCD.v Line: 45
Warning (10030): Net "mensaje0.waddr_a" at mensaje_Off_LCD.v(45) has no driver or initial value, using a default initial value '0' File: /home/alejandro/github-classroom/digital-electronics-UNAL/proyecto-2025-ii-ed-g5-e1/proyecto/mensaje_Off_LCD.v Line: 45
Warning (10030): Net "mensaje1.data_a" at mensaje_Off_LCD.v(46) has no driver or initial value, using a default initial value '0' File: /home/alejandro/github-classroom/digital-electronics-UNAL/proyecto-2025-ii-ed-g5-e1/proyecto/mensaje_Off_LCD.v Line: 46
Warning (10030): Net "mensaje1.waddr_a" at mensaje_Off_LCD.v(46) has no driver or initial value, using a default initial value '0' File: /home/alejandro/github-classroom/digital-electronics-UNAL/proyecto-2025-ii-ed-g5-e1/proyecto/mensaje_Off_LCD.v Line: 46
Warning (10030): Net "mensaje2.data_a" at mensaje_Off_LCD.v(47) has no driver or initial value, using a default initial value '0' File: /home/alejandro/github-classroom/digital-electronics-UNAL/proyecto-2025-ii-ed-g5-e1/proyecto/mensaje_Off_LCD.v Line: 47
Warning (10030): Net "mensaje2.waddr_a" at mensaje_Off_LCD.v(47) has no driver or initial value, using a default initial value '0' File: /home/alejandro/github-classroom/digital-electronics-UNAL/proyecto-2025-ii-ed-g5-e1/proyecto/mensaje_Off_LCD.v Line: 47
Warning (10030): Net "mensaje3.data_a" at mensaje_Off_LCD.v(48) has no driver or initial value, using a default initial value '0' File: /home/alejandro/github-classroom/digital-electronics-UNAL/proyecto-2025-ii-ed-g5-e1/proyecto/mensaje_Off_LCD.v Line: 48
Warning (10030): Net "mensaje3.waddr_a" at mensaje_Off_LCD.v(48) has no driver or initial value, using a default initial value '0' File: /home/alejandro/github-classroom/digital-electronics-UNAL/proyecto-2025-ii-ed-g5-e1/proyecto/mensaje_Off_LCD.v Line: 48
Warning (10030): Net "config_mem.we_a" at mensaje_Off_LCD.v(44) has no driver or initial value, using a default initial value '0' File: /home/alejandro/github-classroom/digital-electronics-UNAL/proyecto-2025-ii-ed-g5-e1/proyecto/mensaje_Off_LCD.v Line: 44
Warning (10030): Net "mensaje0.we_a" at mensaje_Off_LCD.v(45) has no driver or initial value, using a default initial value '0' File: /home/alejandro/github-classroom/digital-electronics-UNAL/proyecto-2025-ii-ed-g5-e1/proyecto/mensaje_Off_LCD.v Line: 45
Warning (10030): Net "mensaje1.we_a" at mensaje_Off_LCD.v(46) has no driver or initial value, using a default initial value '0' File: /home/alejandro/github-classroom/digital-electronics-UNAL/proyecto-2025-ii-ed-g5-e1/proyecto/mensaje_Off_LCD.v Line: 46
Warning (10030): Net "mensaje2.we_a" at mensaje_Off_LCD.v(47) has no driver or initial value, using a default initial value '0' File: /home/alejandro/github-classroom/digital-electronics-UNAL/proyecto-2025-ii-ed-g5-e1/proyecto/mensaje_Off_LCD.v Line: 47
Warning (10030): Net "mensaje3.we_a" at mensaje_Off_LCD.v(48) has no driver or initial value, using a default initial value '0' File: /home/alejandro/github-classroom/digital-electronics-UNAL/proyecto-2025-ii-ed-g5-e1/proyecto/mensaje_Off_LCD.v Line: 48
Info (276014): Found 5 instances of uninferred RAM logic
    Info (276004): RAM logic "mensaje_Off_LCD:afu|mensaje0" is uninferred due to inappropriate RAM size File: /home/alejandro/github-classroom/digital-electronics-UNAL/proyecto-2025-ii-ed-g5-e1/proyecto/mensaje_Off_LCD.v Line: 45
    Info (276004): RAM logic "mensaje_Off_LCD:afu|mensaje2" is uninferred due to inappropriate RAM size File: /home/alejandro/github-classroom/digital-electronics-UNAL/proyecto-2025-ii-ed-g5-e1/proyecto/mensaje_Off_LCD.v Line: 47
    Info (276004): RAM logic "mensaje_Off_LCD:afu|mensaje1" is uninferred due to inappropriate RAM size File: /home/alejandro/github-classroom/digital-electronics-UNAL/proyecto-2025-ii-ed-g5-e1/proyecto/mensaje_Off_LCD.v Line: 46
    Info (276004): RAM logic "mensaje_Off_LCD:afu|mensaje3" is uninferred due to inappropriate RAM size File: /home/alejandro/github-classroom/digital-electronics-UNAL/proyecto-2025-ii-ed-g5-e1/proyecto/mensaje_Off_LCD.v Line: 48
    Info (276004): RAM logic "mensaje_Off_LCD:afu|config_mem" is uninferred due to inappropriate RAM size File: /home/alejandro/github-classroom/digital-electronics-UNAL/proyecto-2025-ii-ed-g5-e1/proyecto/mensaje_Off_LCD.v Line: 44
Warning (13024): Output pins are stuck at VCC or GND
    Warning (13410): Pin "rw" is stuck at GND File: /home/alejandro/github-classroom/digital-electronics-UNAL/proyecto-2025-ii-ed-g5-e1/proyecto/toplcdultra.v Line: 13
    Warning (13410): Pin "dat[7]" is stuck at GND File: /home/alejandro/github-classroom/digital-electronics-UNAL/proyecto-2025-ii-ed-g5-e1/proyecto/toplcdultra.v Line: 18
Info (286030): Timing-Driven Synthesis is running
Info (17049): 9 registers lost all their fanouts during netlist optimizations.
Info (144001): Generated suppressed messages file /home/alejandro/github-classroom/digital-electronics-UNAL/proyecto-2025-ii-ed-g5-e1/output_files/lcdconultra.map.smsg
Info (16010): Generating hard_block partition "hard_block:auto_generated_inst"
    Info (16011): Adding 0 node(s), including 0 DDIO, 0 PLL, 0 transceiver and 0 LCELL
Info (21057): Implemented 229 device resources after synthesis - the final resource count might be different
    Info (21058): Implemented 7 input pins
    Info (21059): Implemented 12 output pins
    Info (21061): Implemented 210 logic cells
Info: Quartus Prime Analysis & Synthesis was successful. 0 errors, 24 warnings
    Info: Peak virtual memory: 380 megabytes
    Info: Processing ended: Fri Dec 12 14:52:50 2025
    Info: Elapsed time: 00:00:14
    Info: Total CPU time (on all processors): 00:00:35


+------------------------------------------+
; Analysis & Synthesis Suppressed Messages ;
+------------------------------------------+
The suppressed messages can be found in /home/alejandro/github-classroom/digital-electronics-UNAL/proyecto-2025-ii-ed-g5-e1/output_files/lcdconultra.map.smsg.


