Analysis & Synthesis report for lcdteclado
Thu Dec 11 03:40:50 2025
Quartus Prime Version 24.1std.0 Build 1077 03/04/2025 SC Lite Edition


---------------------
; Table of Contents ;
---------------------
  1. Legal Notice
  2. Analysis & Synthesis Summary
  3. Analysis & Synthesis Settings
  4. Parallel Compilation
  5. Analysis & Synthesis Source Files Read
  6. Analysis & Synthesis Resource Usage Summary
  7. Analysis & Synthesis Resource Utilization by Entity
  8. State Machine - |top|state
  9. State Machine - |top|LCD1602_controller:lcd_controller|sel_dinamic
 10. State Machine - |top|LCD1602_controller:lcd_controller|fsm_state
 11. State Machine - |top|teclado:teclado_inst|state
 12. Registers Removed During Synthesis
 13. Removed Registers Triggering Further Register Optimizations
 14. General Register Statistics
 15. Inverted Register Statistics
 16. Multiplexer Restructuring Statistics (Restructuring Performed)
 17. Parameter Settings for User Entity Instance: teclado:teclado_inst
 18. Parameter Settings for User Entity Instance: LCD1602_controller:lcd_controller
 19. Parameter Settings for Inferred Entity Instance: LCD1602_controller:lcd_controller|lpm_divide:Div1
 20. Parameter Settings for Inferred Entity Instance: LCD1602_controller:lcd_controller|lpm_divide:Div0
 21. Parameter Settings for Inferred Entity Instance: LCD1602_controller:lcd_controller|lpm_divide:Mod0
 22. Parameter Settings for Inferred Entity Instance: LCD1602_controller:lcd_controller|lpm_divide:Mod1
 23. Port Connectivity Checks: "LCD1602_controller:lcd_controller"
 24. Port Connectivity Checks: "codahexa:codahexa_inst"
 25. Port Connectivity Checks: "teclado:teclado_inst"
 26. Post-Synthesis Netlist Statistics for Top Partition
 27. Elapsed Time Per Partition
 28. Analysis & Synthesis Messages
 29. Analysis & Synthesis Suppressed Messages



----------------
; Legal Notice ;
----------------
Copyright (C) 2025  Altera Corporation. All rights reserved.
Your use of Altera Corporation's design tools, logic functions 
and other software and tools, and any partner logic 
functions, and any output files from any of the foregoing 
(including device programming or simulation files), and any 
associated documentation or information are expressly subject 
to the terms and conditions of the Altera Program License 
Subscription Agreement, the Altera Quartus Prime License Agreement,
the Altera IP License Agreement, or other applicable license
agreement, including, without limitation, that your use is for
the sole purpose of programming logic devices manufactured by
Altera and sold by Altera or its authorized distributors.  Please
refer to the Altera Software License Subscription Agreements 
on the Quartus Prime software download page.



+--------------------------------------------------------------------------------------+
; Analysis & Synthesis Summary                                                         ;
+------------------------------------+-------------------------------------------------+
; Analysis & Synthesis Status        ; Successful - Thu Dec 11 03:40:50 2025           ;
; Quartus Prime Version              ; 24.1std.0 Build 1077 03/04/2025 SC Lite Edition ;
; Revision Name                      ; lcdteclado                                      ;
; Top-level Entity Name              ; top                                             ;
; Family                             ; Cyclone IV E                                    ;
; Total logic elements               ; 380                                             ;
;     Total combinational functions  ; 375                                             ;
;     Dedicated logic registers      ; 120                                             ;
; Total registers                    ; 120                                             ;
; Total pins                         ; 23                                              ;
; Total virtual pins                 ; 0                                               ;
; Total memory bits                  ; 0                                               ;
; Embedded Multiplier 9-bit elements ; 0                                               ;
; Total PLLs                         ; 0                                               ;
+------------------------------------+-------------------------------------------------+


+------------------------------------------------------------------------------------------------------------+
; Analysis & Synthesis Settings                                                                              ;
+------------------------------------------------------------------+--------------------+--------------------+
; Option                                                           ; Setting            ; Default Value      ;
+------------------------------------------------------------------+--------------------+--------------------+
; Device                                                           ; EP4CE10E22C8       ;                    ;
; Top-level entity name                                            ; top                ; lcdteclado         ;
; Family name                                                      ; Cyclone IV E       ; Cyclone V          ;
; Use smart compilation                                            ; Off                ; Off                ;
; Enable parallel Assembler and Timing Analyzer during compilation ; On                 ; On                 ;
; Enable compact report table                                      ; Off                ; Off                ;
; Restructure Multiplexers                                         ; Auto               ; Auto               ;
; Create Debugging Nodes for IP Cores                              ; Off                ; Off                ;
; Preserve fewer node names                                        ; On                 ; On                 ;
; Intel FPGA IP Evaluation Mode                                    ; Enable             ; Enable             ;
; Verilog Version                                                  ; Verilog_2001       ; Verilog_2001       ;
; VHDL Version                                                     ; VHDL_1993          ; VHDL_1993          ;
; State Machine Processing                                         ; Auto               ; Auto               ;
; Safe State Machine                                               ; Off                ; Off                ;
; Extract Verilog State Machines                                   ; On                 ; On                 ;
; Extract VHDL State Machines                                      ; On                 ; On                 ;
; Ignore Verilog initial constructs                                ; Off                ; Off                ;
; Iteration limit for constant Verilog loops                       ; 5000               ; 5000               ;
; Iteration limit for non-constant Verilog loops                   ; 250                ; 250                ;
; Add Pass-Through Logic to Inferred RAMs                          ; On                 ; On                 ;
; Infer RAMs from Raw Logic                                        ; On                 ; On                 ;
; Parallel Synthesis                                               ; On                 ; On                 ;
; DSP Block Balancing                                              ; Auto               ; Auto               ;
; NOT Gate Push-Back                                               ; On                 ; On                 ;
; Power-Up Don't Care                                              ; On                 ; On                 ;
; Remove Redundant Logic Cells                                     ; Off                ; Off                ;
; Remove Duplicate Registers                                       ; On                 ; On                 ;
; Ignore CARRY Buffers                                             ; Off                ; Off                ;
; Ignore CASCADE Buffers                                           ; Off                ; Off                ;
; Ignore GLOBAL Buffers                                            ; Off                ; Off                ;
; Ignore ROW GLOBAL Buffers                                        ; Off                ; Off                ;
; Ignore LCELL Buffers                                             ; Off                ; Off                ;
; Ignore SOFT Buffers                                              ; On                 ; On                 ;
; Limit AHDL Integers to 32 Bits                                   ; Off                ; Off                ;
; Optimization Technique                                           ; Balanced           ; Balanced           ;
; Carry Chain Length                                               ; 70                 ; 70                 ;
; Auto Carry Chains                                                ; On                 ; On                 ;
; Auto Open-Drain Pins                                             ; On                 ; On                 ;
; Perform WYSIWYG Primitive Resynthesis                            ; Off                ; Off                ;
; Auto ROM Replacement                                             ; On                 ; On                 ;
; Auto RAM Replacement                                             ; On                 ; On                 ;
; Auto DSP Block Replacement                                       ; On                 ; On                 ;
; Auto Shift Register Replacement                                  ; Auto               ; Auto               ;
; Allow Shift Register Merging across Hierarchies                  ; Auto               ; Auto               ;
; Auto Clock Enable Replacement                                    ; On                 ; On                 ;
; Strict RAM Replacement                                           ; Off                ; Off                ;
; Allow Synchronous Control Signals                                ; On                 ; On                 ;
; Force Use of Synchronous Clear Signals                           ; Off                ; Off                ;
; Auto RAM Block Balancing                                         ; On                 ; On                 ;
; Auto RAM to Logic Cell Conversion                                ; Off                ; Off                ;
; Auto Resource Sharing                                            ; Off                ; Off                ;
; Allow Any RAM Size For Recognition                               ; Off                ; Off                ;
; Allow Any ROM Size For Recognition                               ; Off                ; Off                ;
; Allow Any Shift Register Size For Recognition                    ; Off                ; Off                ;
; Use LogicLock Constraints during Resource Balancing              ; On                 ; On                 ;
; Ignore translate_off and synthesis_off directives                ; Off                ; Off                ;
; Timing-Driven Synthesis                                          ; On                 ; On                 ;
; Report Parameter Settings                                        ; On                 ; On                 ;
; Report Source Assignments                                        ; On                 ; On                 ;
; Report Connectivity Checks                                       ; On                 ; On                 ;
; Ignore Maximum Fan-Out Assignments                               ; Off                ; Off                ;
; Synchronization Register Chain Length                            ; 2                  ; 2                  ;
; Power Optimization During Synthesis                              ; Normal compilation ; Normal compilation ;
; HDL message level                                                ; Level2             ; Level2             ;
; Suppress Register Optimization Related Messages                  ; Off                ; Off                ;
; Number of Removed Registers Reported in Synthesis Report         ; 5000               ; 5000               ;
; Number of Swept Nodes Reported in Synthesis Report               ; 5000               ; 5000               ;
; Number of Inverted Registers Reported in Synthesis Report        ; 100                ; 100                ;
; Clock MUX Protection                                             ; On                 ; On                 ;
; Auto Gated Clock Conversion                                      ; Off                ; Off                ;
; Block Design Naming                                              ; Auto               ; Auto               ;
; SDC constraint protection                                        ; Off                ; Off                ;
; Synthesis Effort                                                 ; Auto               ; Auto               ;
; Shift Register Replacement - Allow Asynchronous Clear Signal     ; On                 ; On                 ;
; Pre-Mapping Resynthesis Optimization                             ; Off                ; Off                ;
; Analysis & Synthesis Message Level                               ; Medium             ; Medium             ;
; Disable Register Merging Across Hierarchies                      ; Auto               ; Auto               ;
; Resource Aware Inference For Block RAM                           ; On                 ; On                 ;
+------------------------------------------------------------------+--------------------+--------------------+


+------------------------------------------+
; Parallel Compilation                     ;
+----------------------------+-------------+
; Processors                 ; Number      ;
+----------------------------+-------------+
; Number detected on machine ; 4           ;
; Maximum allowed            ; 2           ;
;                            ;             ;
; Average used               ; 1.00        ;
; Maximum used               ; 2           ;
;                            ;             ;
; Usage by Processor         ; % Time Used ;
;     Processor 1            ; 100.0%      ;
;     Processor 2            ;   0.0%      ;
+----------------------------+-------------+


+-----------------------------------------------------------------------------------------------------------------------------------------------------------------------------------------------------------------+
; Analysis & Synthesis Source Files Read                                                                                                                                                                          ;
+----------------------------------+-----------------+------------------------------+-------------------------------------------------------------------------------------------------------------------+---------+
; File Name with User-Entered Path ; Used in Netlist ; File Type                    ; File Name with Absolute Path                                                                                      ; Library ;
+----------------------------------+-----------------+------------------------------+-------------------------------------------------------------------------------------------------------------------+---------+
; proyecto/codeahexa.v             ; yes             ; User Verilog HDL File        ; /home/alejandro/github-classroom/digital-electronics-UNAL/proyecto-2025-ii-ed-g5-e1/proyecto/codeahexa.v          ;         ;
; proyecto/LCD1602_controller.v    ; yes             ; User Verilog HDL File        ; /home/alejandro/github-classroom/digital-electronics-UNAL/proyecto-2025-ii-ed-g5-e1/proyecto/LCD1602_controller.v ;         ;
; proyecto/top_LCD.v               ; yes             ; User Verilog HDL File        ; /home/alejandro/github-classroom/digital-electronics-UNAL/proyecto-2025-ii-ed-g5-e1/proyecto/top_LCD.v            ;         ;
; proyecto/teclado.v               ; yes             ; User Verilog HDL File        ; /home/alejandro/github-classroom/digital-electronics-UNAL/proyecto-2025-ii-ed-g5-e1/proyecto/teclado.v            ;         ;
; lpm_divide.tdf                   ; yes             ; Megafunction                 ; /home/alejandro/intelFPGA_lite/24.1std/quartus/libraries/megafunctions/lpm_divide.tdf                             ;         ;
; abs_divider.inc                  ; yes             ; Megafunction                 ; /home/alejandro/intelFPGA_lite/24.1std/quartus/libraries/megafunctions/abs_divider.inc                            ;         ;
; sign_div_unsign.inc              ; yes             ; Megafunction                 ; /home/alejandro/intelFPGA_lite/24.1std/quartus/libraries/megafunctions/sign_div_unsign.inc                        ;         ;
; aglobal241.inc                   ; yes             ; Megafunction                 ; /home/alejandro/intelFPGA_lite/24.1std/quartus/libraries/megafunctions/aglobal241.inc                             ;         ;
; db/lpm_divide_3jm.tdf            ; yes             ; Auto-Generated Megafunction  ; /home/alejandro/github-classroom/digital-electronics-UNAL/proyecto-2025-ii-ed-g5-e1/db/lpm_divide_3jm.tdf         ;         ;
; db/sign_div_unsign_rlh.tdf       ; yes             ; Auto-Generated Megafunction  ; /home/alejandro/github-classroom/digital-electronics-UNAL/proyecto-2025-ii-ed-g5-e1/db/sign_div_unsign_rlh.tdf    ;         ;
; db/alt_u_div_a7f.tdf             ; yes             ; Auto-Generated Megafunction  ; /home/alejandro/github-classroom/digital-electronics-UNAL/proyecto-2025-ii-ed-g5-e1/db/alt_u_div_a7f.tdf          ;         ;
; db/add_sub_7pc.tdf               ; yes             ; Auto-Generated Megafunction  ; /home/alejandro/github-classroom/digital-electronics-UNAL/proyecto-2025-ii-ed-g5-e1/db/add_sub_7pc.tdf            ;         ;
; db/add_sub_8pc.tdf               ; yes             ; Auto-Generated Megafunction  ; /home/alejandro/github-classroom/digital-electronics-UNAL/proyecto-2025-ii-ed-g5-e1/db/add_sub_8pc.tdf            ;         ;
; db/lpm_divide_dkm.tdf            ; yes             ; Auto-Generated Megafunction  ; /home/alejandro/github-classroom/digital-electronics-UNAL/proyecto-2025-ii-ed-g5-e1/db/lpm_divide_dkm.tdf         ;         ;
; db/sign_div_unsign_5nh.tdf       ; yes             ; Auto-Generated Megafunction  ; /home/alejandro/github-classroom/digital-electronics-UNAL/proyecto-2025-ii-ed-g5-e1/db/sign_div_unsign_5nh.tdf    ;         ;
; db/alt_u_div_u9f.tdf             ; yes             ; Auto-Generated Megafunction  ; /home/alejandro/github-classroom/digital-electronics-UNAL/proyecto-2025-ii-ed-g5-e1/db/alt_u_div_u9f.tdf          ;         ;
; db/lpm_divide_gcm.tdf            ; yes             ; Auto-Generated Megafunction  ; /home/alejandro/github-classroom/digital-electronics-UNAL/proyecto-2025-ii-ed-g5-e1/db/lpm_divide_gcm.tdf         ;         ;
; db/sign_div_unsign_6nh.tdf       ; yes             ; Auto-Generated Megafunction  ; /home/alejandro/github-classroom/digital-electronics-UNAL/proyecto-2025-ii-ed-g5-e1/db/sign_div_unsign_6nh.tdf    ;         ;
; db/alt_u_div_v9f.tdf             ; yes             ; Auto-Generated Megafunction  ; /home/alejandro/github-classroom/digital-electronics-UNAL/proyecto-2025-ii-ed-g5-e1/db/alt_u_div_v9f.tdf          ;         ;
; db/lpm_divide_6bm.tdf            ; yes             ; Auto-Generated Megafunction  ; /home/alejandro/github-classroom/digital-electronics-UNAL/proyecto-2025-ii-ed-g5-e1/db/lpm_divide_6bm.tdf         ;         ;
; db/sign_div_unsign_slh.tdf       ; yes             ; Auto-Generated Megafunction  ; /home/alejandro/github-classroom/digital-electronics-UNAL/proyecto-2025-ii-ed-g5-e1/db/sign_div_unsign_slh.tdf    ;         ;
; db/alt_u_div_b7f.tdf             ; yes             ; Auto-Generated Megafunction  ; /home/alejandro/github-classroom/digital-electronics-UNAL/proyecto-2025-ii-ed-g5-e1/db/alt_u_div_b7f.tdf          ;         ;
+----------------------------------+-----------------+------------------------------+-------------------------------------------------------------------------------------------------------------------+---------+


+---------------------------------------------------------+
; Analysis & Synthesis Resource Usage Summary             ;
+---------------------------------------------+-----------+
; Resource                                    ; Usage     ;
+---------------------------------------------+-----------+
; Estimated Total logic elements              ; 380       ;
;                                             ;           ;
; Total combinational functions               ; 375       ;
; Logic element usage by number of LUT inputs ;           ;
;     -- 4 input functions                    ; 138       ;
;     -- 3 input functions                    ; 76        ;
;     -- <=2 input functions                  ; 161       ;
;                                             ;           ;
; Logic elements by mode                      ;           ;
;     -- normal mode                          ; 276       ;
;     -- arithmetic mode                      ; 99        ;
;                                             ;           ;
; Total registers                             ; 120       ;
;     -- Dedicated logic registers            ; 120       ;
;     -- I/O registers                        ; 0         ;
;                                             ;           ;
; I/O pins                                    ; 23        ;
;                                             ;           ;
; Embedded Multiplier 9-bit elements          ; 0         ;
;                                             ;           ;
; Maximum fan-out node                        ; clk~input ;
; Maximum fan-out                             ; 96        ;
; Total fan-out                               ; 1417      ;
; Average fan-out                             ; 2.62      ;
+---------------------------------------------+-----------+


+----------------------------------------------------------------------------------------------------------------------------------------------------------------------------------------------------------------------------------------------------------------------------------------------------------------------------------------------------+
; Analysis & Synthesis Resource Utilization by Entity                                                                                                                                                                                                                                                                                                ;
+-------------------------------------------+---------------------+---------------------------+-------------+--------------+---------+-----------+------+--------------+----------------------------------------------------------------------------------------------------------------------------------------+---------------------+--------------+
; Compilation Hierarchy Node                ; Combinational ALUTs ; Dedicated Logic Registers ; Memory Bits ; DSP Elements ; DSP 9x9 ; DSP 18x18 ; Pins ; Virtual Pins ; Full Hierarchy Name                                                                                                                    ; Entity Name         ; Library Name ;
+-------------------------------------------+---------------------+---------------------------+-------------+--------------+---------+-----------+------+--------------+----------------------------------------------------------------------------------------------------------------------------------------+---------------------+--------------+
; |top                                      ; 375 (11)            ; 120 (8)                   ; 0           ; 0            ; 0       ; 0         ; 23   ; 0            ; |top                                                                                                                                   ; top                 ; work         ;
;    |LCD1602_controller:lcd_controller|    ; 282 (169)           ; 68 (68)                   ; 0           ; 0            ; 0       ; 0         ; 0    ; 0            ; |top|LCD1602_controller:lcd_controller                                                                                                 ; LCD1602_controller  ; work         ;
;       |lpm_divide:Div1|                   ; 101 (0)             ; 0 (0)                     ; 0           ; 0            ; 0       ; 0         ; 0    ; 0            ; |top|LCD1602_controller:lcd_controller|lpm_divide:Div1                                                                                 ; lpm_divide          ; work         ;
;          |lpm_divide_3jm:auto_generated|  ; 101 (0)             ; 0 (0)                     ; 0           ; 0            ; 0       ; 0         ; 0    ; 0            ; |top|LCD1602_controller:lcd_controller|lpm_divide:Div1|lpm_divide_3jm:auto_generated                                                   ; lpm_divide_3jm      ; work         ;
;             |sign_div_unsign_rlh:divider| ; 101 (0)             ; 0 (0)                     ; 0           ; 0            ; 0       ; 0         ; 0    ; 0            ; |top|LCD1602_controller:lcd_controller|lpm_divide:Div1|lpm_divide_3jm:auto_generated|sign_div_unsign_rlh:divider                       ; sign_div_unsign_rlh ; work         ;
;                |alt_u_div_a7f:divider|    ; 101 (101)           ; 0 (0)                     ; 0           ; 0            ; 0       ; 0         ; 0    ; 0            ; |top|LCD1602_controller:lcd_controller|lpm_divide:Div1|lpm_divide_3jm:auto_generated|sign_div_unsign_rlh:divider|alt_u_div_a7f:divider ; alt_u_div_a7f       ; work         ;
;       |lpm_divide:Mod1|                   ; 12 (0)              ; 0 (0)                     ; 0           ; 0            ; 0       ; 0         ; 0    ; 0            ; |top|LCD1602_controller:lcd_controller|lpm_divide:Mod1                                                                                 ; lpm_divide          ; work         ;
;          |lpm_divide_6bm:auto_generated|  ; 12 (0)              ; 0 (0)                     ; 0           ; 0            ; 0       ; 0         ; 0    ; 0            ; |top|LCD1602_controller:lcd_controller|lpm_divide:Mod1|lpm_divide_6bm:auto_generated                                                   ; lpm_divide_6bm      ; work         ;
;             |sign_div_unsign_slh:divider| ; 12 (0)              ; 0 (0)                     ; 0           ; 0            ; 0       ; 0         ; 0    ; 0            ; |top|LCD1602_controller:lcd_controller|lpm_divide:Mod1|lpm_divide_6bm:auto_generated|sign_div_unsign_slh:divider                       ; sign_div_unsign_slh ; work         ;
;                |alt_u_div_b7f:divider|    ; 12 (12)             ; 0 (0)                     ; 0           ; 0            ; 0       ; 0         ; 0    ; 0            ; |top|LCD1602_controller:lcd_controller|lpm_divide:Mod1|lpm_divide_6bm:auto_generated|sign_div_unsign_slh:divider|alt_u_div_b7f:divider ; alt_u_div_b7f       ; work         ;
;    |codahexa:codahexa_inst|               ; 4 (4)               ; 0 (0)                     ; 0           ; 0            ; 0       ; 0         ; 0    ; 0            ; |top|codahexa:codahexa_inst                                                                                                            ; codahexa            ; work         ;
;    |teclado:teclado_inst|                 ; 78 (78)             ; 44 (44)                   ; 0           ; 0            ; 0       ; 0         ; 0    ; 0            ; |top|teclado:teclado_inst                                                                                                              ; teclado             ; work         ;
+-------------------------------------------+---------------------+---------------------------+-------------+--------------+---------+-----------+------+--------------+----------------------------------------------------------------------------------------------------------------------------------------+---------------------+--------------+
Note: For table entries with two numbers listed, the numbers in parentheses indicate the number of resources of the given type used by the specific entity alone. The numbers listed outside of parentheses indicate the total resources of the given type used by the specific entity and all of its sub-entities in the hierarchy.


Encoding Type:  One-Hot
+------------------------------------------------------------------+
; State Machine - |top|state                                       ;
+----------------+----------------+---------------+----------------+
; Name           ; state.S_ESPERA ; state.S_LLENO ; state.S_GUARDA ;
+----------------+----------------+---------------+----------------+
; state.S_ESPERA ; 0              ; 0             ; 0              ;
; state.S_GUARDA ; 1              ; 0             ; 1              ;
; state.S_LLENO  ; 1              ; 1             ; 0              ;
+----------------+----------------+---------------+----------------+


Encoding Type:  One-Hot
+----------------------------------------------------------------------------------------------------------------------------+
; State Machine - |top|LCD1602_controller:lcd_controller|sel_dinamic                                                         ;
+-----------------------+------------------+------------------+-------------------+-----------------------+------------------+
; Name                  ; sel_dinamic.WR_D ; sel_dinamic.WR_C ; sel_dinamic.WR_UM ; sel_dinamic.SetCursor ; sel_dinamic.WR_U ;
+-----------------------+------------------+------------------+-------------------+-----------------------+------------------+
; sel_dinamic.SetCursor ; 0                ; 0                ; 0                 ; 0                     ; 0                ;
; sel_dinamic.WR_UM     ; 0                ; 0                ; 1                 ; 1                     ; 0                ;
; sel_dinamic.WR_C      ; 0                ; 1                ; 0                 ; 1                     ; 0                ;
; sel_dinamic.WR_D      ; 1                ; 0                ; 0                 ; 1                     ; 0                ;
; sel_dinamic.WR_U      ; 0                ; 0                ; 0                 ; 1                     ; 1                ;
+-----------------------+------------------+------------------+-------------------+-----------------------+------------------+


Encoding Type:  One-Hot
+----------------------------------------------------------------------------------------------------------------------------+
; State Machine - |top|LCD1602_controller:lcd_controller|fsm_state                                                           ;
+-----------------------------+-----------------------+----------------+-----------------------+-----------------------------+
; Name                        ; fsm_state.CONFIG_CMD1 ; fsm_state.IDLE ; fsm_state.WR_Din_TEXT ; fsm_state.WR_STATIC_TEXT_1L ;
+-----------------------------+-----------------------+----------------+-----------------------+-----------------------------+
; fsm_state.IDLE              ; 0                     ; 0              ; 0                     ; 0                           ;
; fsm_state.CONFIG_CMD1       ; 1                     ; 1              ; 0                     ; 0                           ;
; fsm_state.WR_STATIC_TEXT_1L ; 0                     ; 1              ; 0                     ; 1                           ;
; fsm_state.WR_Din_TEXT       ; 0                     ; 1              ; 1                     ; 0                           ;
+-----------------------------+-----------------------+----------------+-----------------------+-----------------------------+


Encoding Type:  One-Hot
+---------------------------------------------------------------------------------------+
; State Machine - |top|teclado:teclado_inst|state                                       ;
+--------------+--------------+--------------+--------------+------------+--------------+
; Name         ; state.FILA_3 ; state.FILA_2 ; state.FILA_1 ; state.IDLE ; state.FILA_4 ;
+--------------+--------------+--------------+--------------+------------+--------------+
; state.IDLE   ; 0            ; 0            ; 0            ; 0          ; 0            ;
; state.FILA_1 ; 0            ; 0            ; 1            ; 1          ; 0            ;
; state.FILA_2 ; 0            ; 1            ; 0            ; 1          ; 0            ;
; state.FILA_3 ; 1            ; 0            ; 0            ; 1          ; 0            ;
; state.FILA_4 ; 0            ; 0            ; 0            ; 1          ; 1            ;
+--------------+--------------+--------------+--------------+------------+--------------+


+-------------------------------------------------------------------------------------------------------------------+
; Registers Removed During Synthesis                                                                                ;
+----------------------------------------------------+--------------------------------------------------------------+
; Register name                                      ; Reason for Removal                                           ;
+----------------------------------------------------+--------------------------------------------------------------+
; LCD1602_controller:lcd_controller|message[7][7]    ; Stuck at GND due to stuck port data_in                       ;
; LCD1602_controller:lcd_controller|message[7][4]    ; Stuck at GND due to stuck port data_in                       ;
; LCD1602_controller:lcd_controller|message[8][7]    ; Stuck at GND due to stuck port data_in                       ;
; LCD1602_controller:lcd_controller|message[9][7]    ; Stuck at GND due to stuck port data_in                       ;
; LCD1602_controller:lcd_controller|message[10][7]   ; Stuck at GND due to stuck port data_in                       ;
; LCD1602_controller:lcd_controller|message[11][7]   ; Stuck at GND due to stuck port data_in                       ;
; LCD1602_controller:lcd_controller|message[12][7]   ; Stuck at GND due to stuck port data_in                       ;
; LCD1602_controller:lcd_controller|message[12][3]   ; Stuck at GND due to stuck port data_in                       ;
; LCD1602_controller:lcd_controller|message[13][7]   ; Stuck at GND due to stuck port data_in                       ;
; LCD1602_controller:lcd_controller|message[13][4]   ; Stuck at GND due to stuck port data_in                       ;
; LCD1602_controller:lcd_controller|message[13][2]   ; Stuck at GND due to stuck port data_in                       ;
; LCD1602_controller:lcd_controller|message[13][1]   ; Stuck at GND due to stuck port data_in                       ;
; LCD1602_controller:lcd_controller|message[14][7]   ; Stuck at GND due to stuck port data_in                       ;
; LCD1602_controller:lcd_controller|message[14][4]   ; Stuck at GND due to stuck port data_in                       ;
; LCD1602_controller:lcd_controller|message[15][7]   ; Stuck at GND due to stuck port data_in                       ;
; LCD1602_controller:lcd_controller|message[15][6]   ; Stuck at GND due to stuck port data_in                       ;
; LCD1602_controller:lcd_controller|message[15][4]   ; Stuck at GND due to stuck port data_in                       ;
; LCD1602_controller:lcd_controller|message[15][3]   ; Stuck at GND due to stuck port data_in                       ;
; LCD1602_controller:lcd_controller|message[15][2]   ; Stuck at GND due to stuck port data_in                       ;
; LCD1602_controller:lcd_controller|message[15][1]   ; Stuck at GND due to stuck port data_in                       ;
; LCD1602_controller:lcd_controller|message[15][0]   ; Stuck at GND due to stuck port data_in                       ;
; LCD1602_controller:lcd_controller|message[6][5]    ; Stuck at GND due to stuck port data_in                       ;
; LCD1602_controller:lcd_controller|message[6][6]    ; Stuck at VCC due to stuck port data_in                       ;
; LCD1602_controller:lcd_controller|message[6][7]    ; Stuck at GND due to stuck port data_in                       ;
; LCD1602_controller:lcd_controller|message[5][5]    ; Stuck at GND due to stuck port data_in                       ;
; LCD1602_controller:lcd_controller|message[5][6]    ; Stuck at VCC due to stuck port data_in                       ;
; LCD1602_controller:lcd_controller|message[5][7]    ; Stuck at GND due to stuck port data_in                       ;
; LCD1602_controller:lcd_controller|message[4][3]    ; Stuck at GND due to stuck port data_in                       ;
; LCD1602_controller:lcd_controller|message[4][5]    ; Stuck at GND due to stuck port data_in                       ;
; LCD1602_controller:lcd_controller|message[4][6]    ; Stuck at VCC due to stuck port data_in                       ;
; LCD1602_controller:lcd_controller|message[4][7]    ; Stuck at GND due to stuck port data_in                       ;
; LCD1602_controller:lcd_controller|message[3][3]    ; Stuck at GND due to stuck port data_in                       ;
; LCD1602_controller:lcd_controller|message[3][5]    ; Stuck at GND due to stuck port data_in                       ;
; LCD1602_controller:lcd_controller|message[3][6]    ; Stuck at VCC due to stuck port data_in                       ;
; LCD1602_controller:lcd_controller|message[3][7]    ; Stuck at GND due to stuck port data_in                       ;
; LCD1602_controller:lcd_controller|message[2][4]    ; Stuck at GND due to stuck port data_in                       ;
; LCD1602_controller:lcd_controller|message[2][5]    ; Stuck at GND due to stuck port data_in                       ;
; LCD1602_controller:lcd_controller|message[2][6]    ; Stuck at VCC due to stuck port data_in                       ;
; LCD1602_controller:lcd_controller|message[2][7]    ; Stuck at GND due to stuck port data_in                       ;
; LCD1602_controller:lcd_controller|message[1][4]    ; Stuck at GND due to stuck port data_in                       ;
; LCD1602_controller:lcd_controller|message[1][5]    ; Stuck at GND due to stuck port data_in                       ;
; LCD1602_controller:lcd_controller|message[1][6]    ; Stuck at VCC due to stuck port data_in                       ;
; LCD1602_controller:lcd_controller|message[1][7]    ; Stuck at GND due to stuck port data_in                       ;
; LCD1602_controller:lcd_controller|message[0][1]    ; Stuck at GND due to stuck port data_in                       ;
; LCD1602_controller:lcd_controller|message[0][4]    ; Stuck at GND due to stuck port data_in                       ;
; LCD1602_controller:lcd_controller|message[0][7]    ; Stuck at GND due to stuck port data_in                       ;
; LCD1602_controller:lcd_controller|message[1][1]    ; Merged with LCD1602_controller:lcd_controller|message[0][0]  ;
; LCD1602_controller:lcd_controller|message[2][0]    ; Merged with LCD1602_controller:lcd_controller|message[0][0]  ;
; LCD1602_controller:lcd_controller|message[6][4]    ; Merged with LCD1602_controller:lcd_controller|message[1][0]  ;
; LCD1602_controller:lcd_controller|message[3][0]    ; Merged with LCD1602_controller:lcd_controller|message[11][5] ;
; LCD1602_controller:lcd_controller|message[6][2]    ; Merged with LCD1602_controller:lcd_controller|message[11][5] ;
; LCD1602_controller:lcd_controller|message[4][2]    ; Merged with LCD1602_controller:lcd_controller|message[4][0]  ;
; LCD1602_controller:lcd_controller|message[1][3]    ; Merged with LCD1602_controller:lcd_controller|message[11][6] ;
; LCD1602_controller:lcd_controller|message[3][4]    ; Merged with LCD1602_controller:lcd_controller|message[11][6] ;
; LCD1602_controller:lcd_controller|message[5][0]    ; Merged with LCD1602_controller:lcd_controller|message[11][6] ;
; LCD1602_controller:lcd_controller|message[5][4]    ; Merged with LCD1602_controller:lcd_controller|message[15][5] ;
; LCD1602_controller:lcd_controller|message[6][0]    ; Merged with LCD1602_controller:lcd_controller|message[15][5] ;
; LCD1602_controller:lcd_controller|message[10][1]   ; Merged with LCD1602_controller:lcd_controller|message[0][5]  ;
; LCD1602_controller:lcd_controller|message[10][3]   ; Merged with LCD1602_controller:lcd_controller|message[0][5]  ;
; LCD1602_controller:lcd_controller|message[11][3]   ; Merged with LCD1602_controller:lcd_controller|message[0][5]  ;
; LCD1602_controller:lcd_controller|message[7][0]    ; Merged with LCD1602_controller:lcd_controller|message[0][5]  ;
; LCD1602_controller:lcd_controller|message[7][6]    ; Merged with LCD1602_controller:lcd_controller|message[0][5]  ;
; LCD1602_controller:lcd_controller|message[10][0]   ; Merged with LCD1602_controller:lcd_controller|message[0][3]  ;
; LCD1602_controller:lcd_controller|message[10][6]   ; Merged with LCD1602_controller:lcd_controller|message[0][3]  ;
; LCD1602_controller:lcd_controller|message[12][6]   ; Merged with LCD1602_controller:lcd_controller|message[0][3]  ;
; LCD1602_controller:lcd_controller|message[3][1]    ; Merged with LCD1602_controller:lcd_controller|message[0][3]  ;
; LCD1602_controller:lcd_controller|message[5][1]    ; Merged with LCD1602_controller:lcd_controller|message[0][3]  ;
; LCD1602_controller:lcd_controller|message[8][0]    ; Merged with LCD1602_controller:lcd_controller|message[0][3]  ;
; LCD1602_controller:lcd_controller|message[8][6]    ; Merged with LCD1602_controller:lcd_controller|message[0][3]  ;
; LCD1602_controller:lcd_controller|message[9][6]    ; Merged with LCD1602_controller:lcd_controller|message[0][3]  ;
; LCD1602_controller:lcd_controller|message[12][1]   ; Merged with LCD1602_controller:lcd_controller|message[10][2] ;
; LCD1602_controller:lcd_controller|message[12][4]   ; Merged with LCD1602_controller:lcd_controller|message[10][2] ;
; LCD1602_controller:lcd_controller|message[13][0]   ; Merged with LCD1602_controller:lcd_controller|message[10][2] ;
; LCD1602_controller:lcd_controller|message[13][3]   ; Merged with LCD1602_controller:lcd_controller|message[10][2] ;
; LCD1602_controller:lcd_controller|message[13][6]   ; Merged with LCD1602_controller:lcd_controller|message[10][2] ;
; LCD1602_controller:lcd_controller|message[14][0]   ; Merged with LCD1602_controller:lcd_controller|message[10][2] ;
; LCD1602_controller:lcd_controller|message[14][1]   ; Merged with LCD1602_controller:lcd_controller|message[10][2] ;
; LCD1602_controller:lcd_controller|message[14][2]   ; Merged with LCD1602_controller:lcd_controller|message[10][2] ;
; LCD1602_controller:lcd_controller|message[14][3]   ; Merged with LCD1602_controller:lcd_controller|message[10][2] ;
; LCD1602_controller:lcd_controller|message[14][6]   ; Merged with LCD1602_controller:lcd_controller|message[10][2] ;
; LCD1602_controller:lcd_controller|message[8][4]    ; Merged with LCD1602_controller:lcd_controller|message[10][2] ;
; LCD1602_controller:lcd_controller|message[9][0]    ; Merged with LCD1602_controller:lcd_controller|message[10][2] ;
; LCD1602_controller:lcd_controller|message[11][0]   ; Merged with LCD1602_controller:lcd_controller|message[10][4] ;
; LCD1602_controller:lcd_controller|message[9][4]    ; Merged with LCD1602_controller:lcd_controller|message[10][4] ;
; LCD1602_controller:lcd_controller|message[12][0]   ; Merged with LCD1602_controller:lcd_controller|message[11][2] ;
; LCD1602_controller:lcd_controller|message[12][2]   ; Merged with LCD1602_controller:lcd_controller|message[11][2] ;
; LCD1602_controller:lcd_controller|message[2][2]    ; Merged with LCD1602_controller:lcd_controller|message[2][1]  ;
; LCD1602_controller:lcd_controller|message[3][2]    ; Merged with LCD1602_controller:lcd_controller|message[2][3]  ;
; LCD1602_controller:lcd_controller|message[6][1]    ; Merged with LCD1602_controller:lcd_controller|message[2][3]  ;
; LCD1602_controller:lcd_controller|message[7][1]    ; Merged with LCD1602_controller:lcd_controller|message[2][3]  ;
; LCD1602_controller:lcd_controller|message[7][2]    ; Merged with LCD1602_controller:lcd_controller|message[2][3]  ;
; LCD1602_controller:lcd_controller|message[7][3]    ; Merged with LCD1602_controller:lcd_controller|message[2][3]  ;
; LCD1602_controller:lcd_controller|message[11][4]   ; Merged with LCD1602_controller:lcd_controller|message[11][1] ;
; LCD1602_controller:lcd_controller|message[12][5]   ; Merged with LCD1602_controller:lcd_controller|message[10][5] ;
; LCD1602_controller:lcd_controller|message[5][2]    ; Merged with LCD1602_controller:lcd_controller|message[10][5] ;
; LCD1602_controller:lcd_controller|message[8][5]    ; Merged with LCD1602_controller:lcd_controller|message[10][5] ;
; LCD1602_controller:lcd_controller|message[9][5]    ; Merged with LCD1602_controller:lcd_controller|message[10][5] ;
; LCD1602_controller:lcd_controller|message[9][3]    ; Merged with LCD1602_controller:lcd_controller|message[9][2]  ;
; LCD1602_controller:lcd_controller|message[8][3]    ; Merged with LCD1602_controller:lcd_controller|message[6][3]  ;
; LCD1602_controller:lcd_controller|message[7][5]    ; Merged with LCD1602_controller:lcd_controller|message[0][6]  ;
; LCD1602_controller:lcd_controller|message[14][5]   ; Merged with LCD1602_controller:lcd_controller|message[13][5] ;
; LCD1602_controller:lcd_controller|message[5][3]    ; Merged with LCD1602_controller:lcd_controller|message[0][2]  ;
; LCD1602_controller:lcd_controller|sel_dinamic~2    ; Lost fanout                                                  ;
; LCD1602_controller:lcd_controller|sel_dinamic~3    ; Lost fanout                                                  ;
; LCD1602_controller:lcd_controller|fsm_state~2      ; Lost fanout                                                  ;
; teclado:teclado_inst|state~4                       ; Lost fanout                                                  ;
; teclado:teclado_inst|state~5                       ; Lost fanout                                                  ;
; LCD1602_controller:lcd_controller|message[4][0]    ; Merged with LCD1602_controller:lcd_controller|message[1][2]  ;
; LCD1602_controller:lcd_controller|message[4][1]    ; Merged with LCD1602_controller:lcd_controller|message[2][3]  ;
; LCD1602_controller:lcd_controller|message[4][4]    ; Merged with LCD1602_controller:lcd_controller|message[10][5] ;
; LCD1602_controller:lcd_controller|sel_dinamic.WR_D ; Stuck at GND due to stuck port data_in                       ;
; LCD1602_controller:lcd_controller|sel_dinamic.WR_U ; Stuck at GND due to stuck port data_in                       ;
; teclado:teclado_inst|counter_10ms[0]               ; Merged with teclado:teclado_inst|counter_20us[0]             ;
; teclado:teclado_inst|counter_10ms[1]               ; Merged with teclado:teclado_inst|counter_20us[1]             ;
; Total Number of Removed Registers = 114            ;                                                              ;
+----------------------------------------------------+--------------------------------------------------------------+


+-------------------------------------------------------------------------------------------------------------------------------------+
; Removed Registers Triggering Further Register Optimizations                                                                         ;
+----------------------------------------------------+---------------------------+----------------------------------------------------+
; Register name                                      ; Reason for Removal        ; Registers Removed due to This Register             ;
+----------------------------------------------------+---------------------------+----------------------------------------------------+
; LCD1602_controller:lcd_controller|sel_dinamic.WR_D ; Stuck at GND              ; LCD1602_controller:lcd_controller|sel_dinamic.WR_U ;
;                                                    ; due to stuck port data_in ;                                                    ;
+----------------------------------------------------+---------------------------+----------------------------------------------------+


+------------------------------------------------------+
; General Register Statistics                          ;
+----------------------------------------------+-------+
; Statistic                                    ; Value ;
+----------------------------------------------+-------+
; Total registers                              ; 120   ;
; Number of registers using Synchronous Clear  ; 19    ;
; Number of registers using Synchronous Load   ; 0     ;
; Number of registers using Asynchronous Clear ; 44    ;
; Number of registers using Asynchronous Load  ; 0     ;
; Number of registers using Clock Enable       ; 8     ;
; Number of registers using Preset             ; 0     ;
+----------------------------------------------+-------+


+--------------------------------------------------+
; Inverted Register Statistics                     ;
+----------------------------------------+---------+
; Inverted Register                      ; Fan out ;
+----------------------------------------+---------+
; teclado:teclado_inst|row[0]            ; 1       ;
; teclado:teclado_inst|row[1]            ; 1       ;
; teclado:teclado_inst|row[2]            ; 1       ;
; teclado:teclado_inst|row[3]            ; 1       ;
; sel_msg[0]                             ; 13      ;
; Total number of inverted registers = 5 ;         ;
+----------------------------------------+---------+


+-----------------------------------------------------------------------------------------------------------------------------------------------------+
; Multiplexer Restructuring Statistics (Restructuring Performed)                                                                                      ;
+--------------------+-----------+---------------+----------------------+------------------------+------------+---------------------------------------+
; Multiplexer Inputs ; Bus Width ; Baseline Area ; Area if Restructured ; Saving if Restructured ; Registered ; Example Multiplexer Output            ;
+--------------------+-----------+---------------+----------------------+------------------------+------------+---------------------------------------+
; 9:1                ; 4 bits    ; 24 LEs        ; 8 LEs                ; 16 LEs                 ; Yes        ; |top|teclado:teclado_inst|digito[0]   ;
; 3:1                ; 2 bits    ; 4 LEs         ; 2 LEs                ; 2 LEs                  ; No         ; |top|codahexa:codahexa_inst|dighex[5] ;
+--------------------+-----------+---------------+----------------------+------------------------+------------+---------------------------------------+


+-------------------------------------------------------------------+
; Parameter Settings for User Entity Instance: teclado:teclado_inst ;
+----------------+--------+-----------------------------------------+
; Parameter Name ; Value  ; Type                                    ;
+----------------+--------+-----------------------------------------+
; CICLOS_10MS    ; 500000 ; Signed Integer                          ;
; CICLOS_20US    ; 1000   ; Signed Integer                          ;
+----------------+--------+-----------------------------------------+
Note: In order to hide this table in the UI and the text report file, please set the "Show Parameter Settings in Synthesis Report" option in "Analysis and Synthesis Settings -> More Settings" to "Off".


+--------------------------------------------------------------------------------+
; Parameter Settings for User Entity Instance: LCD1602_controller:lcd_controller ;
+------------------+--------+----------------------------------------------------+
; Parameter Name   ; Value  ; Type                                               ;
+------------------+--------+----------------------------------------------------+
; NUM_COMMANDS     ; 4      ; Signed Integer                                     ;
; MAX_NUM_PASS     ; 9999   ; Signed Integer                                     ;
; NUM_DATA         ; 16     ; Signed Integer                                     ;
; NUM_DATA_PERLINE ; 16     ; Signed Integer                                     ;
; DATA_BITS        ; 8      ; Signed Integer                                     ;
; COUNT_MAX        ; 800000 ; Signed Integer                                     ;
+------------------+--------+----------------------------------------------------+
Note: In order to hide this table in the UI and the text report file, please set the "Show Parameter Settings in Synthesis Report" option in "Analysis and Synthesis Settings -> More Settings" to "Off".


+----------------------------------------------------------------------------------------------------+
; Parameter Settings for Inferred Entity Instance: LCD1602_controller:lcd_controller|lpm_divide:Div1 ;
+------------------------+----------------+----------------------------------------------------------+
; Parameter Name         ; Value          ; Type                                                     ;
+------------------------+----------------+----------------------------------------------------------+
; LPM_WIDTHN             ; 32             ; Untyped                                                  ;
; LPM_WIDTHD             ; 7              ; Untyped                                                  ;
; LPM_NREPRESENTATION    ; UNSIGNED       ; Untyped                                                  ;
; LPM_DREPRESENTATION    ; UNSIGNED       ; Untyped                                                  ;
; LPM_PIPELINE           ; 0              ; Untyped                                                  ;
; LPM_REMAINDERPOSITIVE  ; TRUE           ; Untyped                                                  ;
; MAXIMIZE_SPEED         ; 5              ; Untyped                                                  ;
; CBXI_PARAMETER         ; lpm_divide_3jm ; Untyped                                                  ;
; CARRY_CHAIN            ; MANUAL         ; Untyped                                                  ;
; OPTIMIZE_FOR_SPEED     ; 5              ; Untyped                                                  ;
; AUTO_CARRY_CHAINS      ; ON             ; AUTO_CARRY                                               ;
; IGNORE_CARRY_BUFFERS   ; OFF            ; IGNORE_CARRY                                             ;
; AUTO_CASCADE_CHAINS    ; ON             ; AUTO_CASCADE                                             ;
; IGNORE_CASCADE_BUFFERS ; OFF            ; IGNORE_CASCADE                                           ;
+------------------------+----------------+----------------------------------------------------------+
Note: In order to hide this table in the UI and the text report file, please set the "Show Parameter Settings in Synthesis Report" option in "Analysis and Synthesis Settings -> More Settings" to "Off".


+----------------------------------------------------------------------------------------------------+
; Parameter Settings for Inferred Entity Instance: LCD1602_controller:lcd_controller|lpm_divide:Div0 ;
+------------------------+----------------+----------------------------------------------------------+
; Parameter Name         ; Value          ; Type                                                     ;
+------------------------+----------------+----------------------------------------------------------+
; LPM_WIDTHN             ; 32             ; Untyped                                                  ;
; LPM_WIDTHD             ; 10             ; Untyped                                                  ;
; LPM_NREPRESENTATION    ; UNSIGNED       ; Untyped                                                  ;
; LPM_DREPRESENTATION    ; UNSIGNED       ; Untyped                                                  ;
; LPM_PIPELINE           ; 0              ; Untyped                                                  ;
; LPM_REMAINDERPOSITIVE  ; TRUE           ; Untyped                                                  ;
; MAXIMIZE_SPEED         ; 5              ; Untyped                                                  ;
; CBXI_PARAMETER         ; lpm_divide_dkm ; Untyped                                                  ;
; CARRY_CHAIN            ; MANUAL         ; Untyped                                                  ;
; OPTIMIZE_FOR_SPEED     ; 5              ; Untyped                                                  ;
; AUTO_CARRY_CHAINS      ; ON             ; AUTO_CARRY                                               ;
; IGNORE_CARRY_BUFFERS   ; OFF            ; IGNORE_CARRY                                             ;
; AUTO_CASCADE_CHAINS    ; ON             ; AUTO_CASCADE                                             ;
; IGNORE_CASCADE_BUFFERS ; OFF            ; IGNORE_CASCADE                                           ;
+------------------------+----------------+----------------------------------------------------------+
Note: In order to hide this table in the UI and the text report file, please set the "Show Parameter Settings in Synthesis Report" option in "Analysis and Synthesis Settings -> More Settings" to "Off".


+----------------------------------------------------------------------------------------------------+
; Parameter Settings for Inferred Entity Instance: LCD1602_controller:lcd_controller|lpm_divide:Mod0 ;
+------------------------+----------------+----------------------------------------------------------+
; Parameter Name         ; Value          ; Type                                                     ;
+------------------------+----------------+----------------------------------------------------------+
; LPM_WIDTHN             ; 14             ; Untyped                                                  ;
; LPM_WIDTHD             ; 10             ; Untyped                                                  ;
; LPM_NREPRESENTATION    ; UNSIGNED       ; Untyped                                                  ;
; LPM_DREPRESENTATION    ; UNSIGNED       ; Untyped                                                  ;
; LPM_PIPELINE           ; 0              ; Untyped                                                  ;
; LPM_REMAINDERPOSITIVE  ; TRUE           ; Untyped                                                  ;
; MAXIMIZE_SPEED         ; 5              ; Untyped                                                  ;
; CBXI_PARAMETER         ; lpm_divide_gcm ; Untyped                                                  ;
; CARRY_CHAIN            ; MANUAL         ; Untyped                                                  ;
; OPTIMIZE_FOR_SPEED     ; 5              ; Untyped                                                  ;
; AUTO_CARRY_CHAINS      ; ON             ; AUTO_CARRY                                               ;
; IGNORE_CARRY_BUFFERS   ; OFF            ; IGNORE_CARRY                                             ;
; AUTO_CASCADE_CHAINS    ; ON             ; AUTO_CASCADE                                             ;
; IGNORE_CASCADE_BUFFERS ; OFF            ; IGNORE_CASCADE                                           ;
+------------------------+----------------+----------------------------------------------------------+
Note: In order to hide this table in the UI and the text report file, please set the "Show Parameter Settings in Synthesis Report" option in "Analysis and Synthesis Settings -> More Settings" to "Off".


+----------------------------------------------------------------------------------------------------+
; Parameter Settings for Inferred Entity Instance: LCD1602_controller:lcd_controller|lpm_divide:Mod1 ;
+------------------------+----------------+----------------------------------------------------------+
; Parameter Name         ; Value          ; Type                                                     ;
+------------------------+----------------+----------------------------------------------------------+
; LPM_WIDTHN             ; 14             ; Untyped                                                  ;
; LPM_WIDTHD             ; 7              ; Untyped                                                  ;
; LPM_NREPRESENTATION    ; UNSIGNED       ; Untyped                                                  ;
; LPM_DREPRESENTATION    ; UNSIGNED       ; Untyped                                                  ;
; LPM_PIPELINE           ; 0              ; Untyped                                                  ;
; LPM_REMAINDERPOSITIVE  ; TRUE           ; Untyped                                                  ;
; MAXIMIZE_SPEED         ; 5              ; Untyped                                                  ;
; CBXI_PARAMETER         ; lpm_divide_6bm ; Untyped                                                  ;
; CARRY_CHAIN            ; MANUAL         ; Untyped                                                  ;
; OPTIMIZE_FOR_SPEED     ; 5              ; Untyped                                                  ;
; AUTO_CARRY_CHAINS      ; ON             ; AUTO_CARRY                                               ;
; IGNORE_CARRY_BUFFERS   ; OFF            ; IGNORE_CARRY                                             ;
; AUTO_CASCADE_CHAINS    ; ON             ; AUTO_CASCADE                                             ;
; IGNORE_CASCADE_BUFFERS ; OFF            ; IGNORE_CASCADE                                           ;
+------------------------+----------------+----------------------------------------------------------+
Note: In order to hide this table in the UI and the text report file, please set the "Show Parameter Settings in Synthesis Report" option in "Analysis and Synthesis Settings -> More Settings" to "Off".


+---------------------------------------------------------------+
; Port Connectivity Checks: "LCD1602_controller:lcd_controller" ;
+----------------+-------+----------+---------------------------+
; Port           ; Type  ; Severity ; Details                   ;
+----------------+-------+----------+---------------------------+
; data_in[13..7] ; Input ; Info     ; Stuck at GND              ;
+----------------+-------+----------+---------------------------+


+--------------------------------------------------------------------------------------------------------------------------------------------------------+
; Port Connectivity Checks: "codahexa:codahexa_inst"                                                                                                     ;
+--------+--------+----------+---------------------------------------------------------------------------------------------------------------------------+
; Port   ; Type   ; Severity ; Details                                                                                                                   ;
+--------+--------+----------+---------------------------------------------------------------------------------------------------------------------------+
; dighex ; Output ; Warning  ; Output or bidir port (8 bits) is wider than the port expression (7 bits) it drives; bit(s) "dighex[7..7]" have no fanouts ;
+--------+--------+----------+---------------------------------------------------------------------------------------------------------------------------+


+----------------------------------------------------------------------------------------------------------------+
; Port Connectivity Checks: "teclado:teclado_inst"                                                               ;
+------+--------+----------+-------------------------------------------------------------------------------------+
; Port ; Type   ; Severity ; Details                                                                             ;
+------+--------+----------+-------------------------------------------------------------------------------------+
; p    ; Output ; Info     ; Connected to dangling logic. Logic that only feeds a dangling port will be removed. ;
+------+--------+----------+-------------------------------------------------------------------------------------+


+-----------------------------------------------------+
; Post-Synthesis Netlist Statistics for Top Partition ;
+-----------------------+-----------------------------+
; Type                  ; Count                       ;
+-----------------------+-----------------------------+
; boundary_port         ; 23                          ;
; cycloneiii_ff         ; 120                         ;
;     CLR               ; 40                          ;
;     ENA               ; 4                           ;
;     ENA CLR           ; 4                           ;
;     SCLR              ; 19                          ;
;     plain             ; 53                          ;
; cycloneiii_lcell_comb ; 380                         ;
;     arith             ; 99                          ;
;         1 data inputs ; 5                           ;
;         2 data inputs ; 58                          ;
;         3 data inputs ; 36                          ;
;     normal            ; 281                         ;
;         0 data inputs ; 9                           ;
;         1 data inputs ; 16                          ;
;         2 data inputs ; 78                          ;
;         3 data inputs ; 40                          ;
;         4 data inputs ; 138                         ;
;                       ;                             ;
; Max LUT depth         ; 21.70                       ;
; Average LUT depth     ; 8.63                        ;
+-----------------------+-----------------------------+


+-------------------------------+
; Elapsed Time Per Partition    ;
+----------------+--------------+
; Partition Name ; Elapsed Time ;
+----------------+--------------+
; Top            ; 00:00:03     ;
+----------------+--------------+


+-------------------------------+
; Analysis & Synthesis Messages ;
+-------------------------------+
Info: *******************************************************************
Info: Running Quartus Prime Analysis & Synthesis
    Info: Version 24.1std.0 Build 1077 03/04/2025 SC Lite Edition
    Info: Processing started: Thu Dec 11 03:40:33 2025
Info: Command: quartus_map --read_settings_files=on --write_settings_files=off lcdteclado -c lcdteclado
Warning (18236): Number of processors has not been specified which may cause overloading on shared machines.  Set the global assignment NUM_PARALLEL_PROCESSORS in your QSF to an appropriate value for best performance.
Info (20030): Parallel compilation is enabled and will use 2 of the 2 processors detected
Info (12021): Found 1 design units, including 1 entities, in source file proyecto/codeahexa.v
    Info (12023): Found entity 1: codahexa File: /home/alejandro/github-classroom/digital-electronics-UNAL/proyecto-2025-ii-ed-g5-e1/proyecto/codeahexa.v Line: 1
Info (12021): Found 1 design units, including 1 entities, in source file proyecto/LCD1602_controller.v
    Info (12023): Found entity 1: LCD1602_controller File: /home/alejandro/github-classroom/digital-electronics-UNAL/proyecto-2025-ii-ed-g5-e1/proyecto/LCD1602_controller.v Line: 1
Info (12021): Found 1 design units, including 1 entities, in source file proyecto/top_LCD.v
    Info (12023): Found entity 1: top File: /home/alejandro/github-classroom/digital-electronics-UNAL/proyecto-2025-ii-ed-g5-e1/proyecto/top_LCD.v Line: 1
Warning (10261): Verilog HDL Event Control warning at teclado.v(37): Event Control contains a complex event expression File: /home/alejandro/github-classroom/digital-electronics-UNAL/proyecto-2025-ii-ed-g5-e1/proyecto/teclado.v Line: 37
Warning (10261): Verilog HDL Event Control warning at teclado.v(80): Event Control contains a complex event expression File: /home/alejandro/github-classroom/digital-electronics-UNAL/proyecto-2025-ii-ed-g5-e1/proyecto/teclado.v Line: 80
Info (12021): Found 1 design units, including 1 entities, in source file proyecto/teclado.v
    Info (12023): Found entity 1: teclado File: /home/alejandro/github-classroom/digital-electronics-UNAL/proyecto-2025-ii-ed-g5-e1/proyecto/teclado.v Line: 1
Info (12127): Elaborating entity "top" for the top level hierarchy
Info (12128): Elaborating entity "teclado" for hierarchy "teclado:teclado_inst" File: /home/alejandro/github-classroom/digital-electronics-UNAL/proyecto-2025-ii-ed-g5-e1/proyecto/top_LCD.v Line: 43
Warning (10230): Verilog HDL assignment warning at teclado.v(50): truncated value with size 32 to match size of target (19) File: /home/alejandro/github-classroom/digital-electronics-UNAL/proyecto-2025-ii-ed-g5-e1/proyecto/teclado.v Line: 50
Warning (10230): Verilog HDL assignment warning at teclado.v(58): truncated value with size 32 to match size of target (10) File: /home/alejandro/github-classroom/digital-electronics-UNAL/proyecto-2025-ii-ed-g5-e1/proyecto/teclado.v Line: 58
Info (10264): Verilog HDL Case Statement information at teclado.v(92): all case item expressions in this case statement are onehot File: /home/alejandro/github-classroom/digital-electronics-UNAL/proyecto-2025-ii-ed-g5-e1/proyecto/teclado.v Line: 92
Info (12128): Elaborating entity "codahexa" for hierarchy "codahexa:codahexa_inst" File: /home/alejandro/github-classroom/digital-electronics-UNAL/proyecto-2025-ii-ed-g5-e1/proyecto/top_LCD.v Line: 48
Warning (10240): Verilog HDL Always Construct warning at codeahexa.v(9): inferring latch(es) for variable "dighex", which holds its previous value in one or more paths through the always construct File: /home/alejandro/github-classroom/digital-electronics-UNAL/proyecto-2025-ii-ed-g5-e1/proyecto/codeahexa.v Line: 9
Info (10041): Inferred latch for "dighex[0]" at codeahexa.v(24) File: /home/alejandro/github-classroom/digital-electronics-UNAL/proyecto-2025-ii-ed-g5-e1/proyecto/codeahexa.v Line: 24
Info (10041): Inferred latch for "dighex[1]" at codeahexa.v(24) File: /home/alejandro/github-classroom/digital-electronics-UNAL/proyecto-2025-ii-ed-g5-e1/proyecto/codeahexa.v Line: 24
Info (10041): Inferred latch for "dighex[2]" at codeahexa.v(24) File: /home/alejandro/github-classroom/digital-electronics-UNAL/proyecto-2025-ii-ed-g5-e1/proyecto/codeahexa.v Line: 24
Info (10041): Inferred latch for "dighex[3]" at codeahexa.v(24) File: /home/alejandro/github-classroom/digital-electronics-UNAL/proyecto-2025-ii-ed-g5-e1/proyecto/codeahexa.v Line: 24
Info (10041): Inferred latch for "dighex[4]" at codeahexa.v(24) File: /home/alejandro/github-classroom/digital-electronics-UNAL/proyecto-2025-ii-ed-g5-e1/proyecto/codeahexa.v Line: 24
Info (10041): Inferred latch for "dighex[5]" at codeahexa.v(24) File: /home/alejandro/github-classroom/digital-electronics-UNAL/proyecto-2025-ii-ed-g5-e1/proyecto/codeahexa.v Line: 24
Info (10041): Inferred latch for "dighex[6]" at codeahexa.v(24) File: /home/alejandro/github-classroom/digital-electronics-UNAL/proyecto-2025-ii-ed-g5-e1/proyecto/codeahexa.v Line: 24
Info (10041): Inferred latch for "dighex[7]" at codeahexa.v(24) File: /home/alejandro/github-classroom/digital-electronics-UNAL/proyecto-2025-ii-ed-g5-e1/proyecto/codeahexa.v Line: 24
Info (12128): Elaborating entity "LCD1602_controller" for hierarchy "LCD1602_controller:lcd_controller" File: /home/alejandro/github-classroom/digital-electronics-UNAL/proyecto-2025-ii-ed-g5-e1/proyecto/top_LCD.v Line: 61
Warning (10230): Verilog HDL assignment warning at LCD1602_controller.v(77): truncated value with size 32 to match size of target (20) File: /home/alejandro/github-classroom/digital-electronics-UNAL/proyecto-2025-ii-ed-g5-e1/proyecto/LCD1602_controller.v Line: 77
Warning (10230): Verilog HDL assignment warning at LCD1602_controller.v(124): truncated value with size 32 to match size of target (3) File: /home/alejandro/github-classroom/digital-electronics-UNAL/proyecto-2025-ii-ed-g5-e1/proyecto/LCD1602_controller.v Line: 124
Warning (10230): Verilog HDL assignment warning at LCD1602_controller.v(128): truncated value with size 32 to match size of target (5) File: /home/alejandro/github-classroom/digital-electronics-UNAL/proyecto-2025-ii-ed-g5-e1/proyecto/LCD1602_controller.v Line: 128
Warning (10230): Verilog HDL assignment warning at LCD1602_controller.v(143): truncated value with size 32 to match size of target (8) File: /home/alejandro/github-classroom/digital-electronics-UNAL/proyecto-2025-ii-ed-g5-e1/proyecto/LCD1602_controller.v Line: 143
Warning (10230): Verilog HDL assignment warning at LCD1602_controller.v(148): truncated value with size 32 to match size of target (8) File: /home/alejandro/github-classroom/digital-electronics-UNAL/proyecto-2025-ii-ed-g5-e1/proyecto/LCD1602_controller.v Line: 148
Warning (10230): Verilog HDL assignment warning at LCD1602_controller.v(153): truncated value with size 32 to match size of target (8) File: /home/alejandro/github-classroom/digital-electronics-UNAL/proyecto-2025-ii-ed-g5-e1/proyecto/LCD1602_controller.v Line: 153
Warning (10230): Verilog HDL assignment warning at LCD1602_controller.v(158): truncated value with size 32 to match size of target (8) File: /home/alejandro/github-classroom/digital-electronics-UNAL/proyecto-2025-ii-ed-g5-e1/proyecto/LCD1602_controller.v Line: 158
Warning (10030): Net "config_mem.data_a" at LCD1602_controller.v(54) has no driver or initial value, using a default initial value '0' File: /home/alejandro/github-classroom/digital-electronics-UNAL/proyecto-2025-ii-ed-g5-e1/proyecto/LCD1602_controller.v Line: 54
Warning (10030): Net "config_mem.waddr_a" at LCD1602_controller.v(54) has no driver or initial value, using a default initial value '0' File: /home/alejandro/github-classroom/digital-electronics-UNAL/proyecto-2025-ii-ed-g5-e1/proyecto/LCD1602_controller.v Line: 54
Warning (10030): Net "config_mem.we_a" at LCD1602_controller.v(54) has no driver or initial value, using a default initial value '0' File: /home/alejandro/github-classroom/digital-electronics-UNAL/proyecto-2025-ii-ed-g5-e1/proyecto/LCD1602_controller.v Line: 54
Info (276014): Found 1 instances of uninferred RAM logic
    Info (276004): RAM logic "LCD1602_controller:lcd_controller|config_mem" is uninferred due to inappropriate RAM size File: /home/alejandro/github-classroom/digital-electronics-UNAL/proyecto-2025-ii-ed-g5-e1/proyecto/LCD1602_controller.v Line: 54
Info (278001): Inferred 4 megafunctions from design logic
    Info (278004): Inferred divider/modulo megafunction ("lpm_divide") from the following logic: "LCD1602_controller:lcd_controller|Div1" File: /home/alejandro/github-classroom/digital-electronics-UNAL/proyecto-2025-ii-ed-g5-e1/proyecto/LCD1602_controller.v Line: 148
    Info (278004): Inferred divider/modulo megafunction ("lpm_divide") from the following logic: "LCD1602_controller:lcd_controller|Div0" File: /home/alejandro/github-classroom/digital-electronics-UNAL/proyecto-2025-ii-ed-g5-e1/proyecto/LCD1602_controller.v Line: 143
    Info (278004): Inferred divider/modulo megafunction ("lpm_divide") from the following logic: "LCD1602_controller:lcd_controller|Mod0" File: /home/alejandro/github-classroom/digital-electronics-UNAL/proyecto-2025-ii-ed-g5-e1/proyecto/LCD1602_controller.v Line: 143
    Info (278004): Inferred divider/modulo megafunction ("lpm_divide") from the following logic: "LCD1602_controller:lcd_controller|Mod1" File: /home/alejandro/github-classroom/digital-electronics-UNAL/proyecto-2025-ii-ed-g5-e1/proyecto/LCD1602_controller.v Line: 148
Info (12130): Elaborated megafunction instantiation "LCD1602_controller:lcd_controller|lpm_divide:Div1" File: /home/alejandro/github-classroom/digital-electronics-UNAL/proyecto-2025-ii-ed-g5-e1/proyecto/LCD1602_controller.v Line: 148
Info (12133): Instantiated megafunction "LCD1602_controller:lcd_controller|lpm_divide:Div1" with the following parameter: File: /home/alejandro/github-classroom/digital-electronics-UNAL/proyecto-2025-ii-ed-g5-e1/proyecto/LCD1602_controller.v Line: 148
    Info (12134): Parameter "LPM_WIDTHN" = "32"
    Info (12134): Parameter "LPM_WIDTHD" = "7"
    Info (12134): Parameter "LPM_NREPRESENTATION" = "UNSIGNED"
    Info (12134): Parameter "LPM_DREPRESENTATION" = "UNSIGNED"
Info (12021): Found 1 design units, including 1 entities, in source file db/lpm_divide_3jm.tdf
    Info (12023): Found entity 1: lpm_divide_3jm File: /home/alejandro/github-classroom/digital-electronics-UNAL/proyecto-2025-ii-ed-g5-e1/db/lpm_divide_3jm.tdf Line: 25
Info (12021): Found 1 design units, including 1 entities, in source file db/sign_div_unsign_rlh.tdf
    Info (12023): Found entity 1: sign_div_unsign_rlh File: /home/alejandro/github-classroom/digital-electronics-UNAL/proyecto-2025-ii-ed-g5-e1/db/sign_div_unsign_rlh.tdf Line: 25
Info (12021): Found 1 design units, including 1 entities, in source file db/alt_u_div_a7f.tdf
    Info (12023): Found entity 1: alt_u_div_a7f File: /home/alejandro/github-classroom/digital-electronics-UNAL/proyecto-2025-ii-ed-g5-e1/db/alt_u_div_a7f.tdf Line: 27
Info (12021): Found 1 design units, including 1 entities, in source file db/add_sub_7pc.tdf
    Info (12023): Found entity 1: add_sub_7pc File: /home/alejandro/github-classroom/digital-electronics-UNAL/proyecto-2025-ii-ed-g5-e1/db/add_sub_7pc.tdf Line: 23
Info (12021): Found 1 design units, including 1 entities, in source file db/add_sub_8pc.tdf
    Info (12023): Found entity 1: add_sub_8pc File: /home/alejandro/github-classroom/digital-electronics-UNAL/proyecto-2025-ii-ed-g5-e1/db/add_sub_8pc.tdf Line: 23
Info (12130): Elaborated megafunction instantiation "LCD1602_controller:lcd_controller|lpm_divide:Div0" File: /home/alejandro/github-classroom/digital-electronics-UNAL/proyecto-2025-ii-ed-g5-e1/proyecto/LCD1602_controller.v Line: 143
Info (12133): Instantiated megafunction "LCD1602_controller:lcd_controller|lpm_divide:Div0" with the following parameter: File: /home/alejandro/github-classroom/digital-electronics-UNAL/proyecto-2025-ii-ed-g5-e1/proyecto/LCD1602_controller.v Line: 143
    Info (12134): Parameter "LPM_WIDTHN" = "32"
    Info (12134): Parameter "LPM_WIDTHD" = "10"
    Info (12134): Parameter "LPM_NREPRESENTATION" = "UNSIGNED"
    Info (12134): Parameter "LPM_DREPRESENTATION" = "UNSIGNED"
Info (12021): Found 1 design units, including 1 entities, in source file db/lpm_divide_dkm.tdf
    Info (12023): Found entity 1: lpm_divide_dkm File: /home/alejandro/github-classroom/digital-electronics-UNAL/proyecto-2025-ii-ed-g5-e1/db/lpm_divide_dkm.tdf Line: 25
Info (12021): Found 1 design units, including 1 entities, in source file db/sign_div_unsign_5nh.tdf
    Info (12023): Found entity 1: sign_div_unsign_5nh File: /home/alejandro/github-classroom/digital-electronics-UNAL/proyecto-2025-ii-ed-g5-e1/db/sign_div_unsign_5nh.tdf Line: 25
Info (12021): Found 1 design units, including 1 entities, in source file db/alt_u_div_u9f.tdf
    Info (12023): Found entity 1: alt_u_div_u9f File: /home/alejandro/github-classroom/digital-electronics-UNAL/proyecto-2025-ii-ed-g5-e1/db/alt_u_div_u9f.tdf Line: 27
Info (12130): Elaborated megafunction instantiation "LCD1602_controller:lcd_controller|lpm_divide:Mod0" File: /home/alejandro/github-classroom/digital-electronics-UNAL/proyecto-2025-ii-ed-g5-e1/proyecto/LCD1602_controller.v Line: 143
Info (12133): Instantiated megafunction "LCD1602_controller:lcd_controller|lpm_divide:Mod0" with the following parameter: File: /home/alejandro/github-classroom/digital-electronics-UNAL/proyecto-2025-ii-ed-g5-e1/proyecto/LCD1602_controller.v Line: 143
    Info (12134): Parameter "LPM_WIDTHN" = "14"
    Info (12134): Parameter "LPM_WIDTHD" = "10"
    Info (12134): Parameter "LPM_NREPRESENTATION" = "UNSIGNED"
    Info (12134): Parameter "LPM_DREPRESENTATION" = "UNSIGNED"
Info (12021): Found 1 design units, including 1 entities, in source file db/lpm_divide_gcm.tdf
    Info (12023): Found entity 1: lpm_divide_gcm File: /home/alejandro/github-classroom/digital-electronics-UNAL/proyecto-2025-ii-ed-g5-e1/db/lpm_divide_gcm.tdf Line: 25
Info (12021): Found 1 design units, including 1 entities, in source file db/sign_div_unsign_6nh.tdf
    Info (12023): Found entity 1: sign_div_unsign_6nh File: /home/alejandro/github-classroom/digital-electronics-UNAL/proyecto-2025-ii-ed-g5-e1/db/sign_div_unsign_6nh.tdf Line: 25
Info (12021): Found 1 design units, including 1 entities, in source file db/alt_u_div_v9f.tdf
    Info (12023): Found entity 1: alt_u_div_v9f File: /home/alejandro/github-classroom/digital-electronics-UNAL/proyecto-2025-ii-ed-g5-e1/db/alt_u_div_v9f.tdf Line: 27
Info (12130): Elaborated megafunction instantiation "LCD1602_controller:lcd_controller|lpm_divide:Mod1" File: /home/alejandro/github-classroom/digital-electronics-UNAL/proyecto-2025-ii-ed-g5-e1/proyecto/LCD1602_controller.v Line: 148
Info (12133): Instantiated megafunction "LCD1602_controller:lcd_controller|lpm_divide:Mod1" with the following parameter: File: /home/alejandro/github-classroom/digital-electronics-UNAL/proyecto-2025-ii-ed-g5-e1/proyecto/LCD1602_controller.v Line: 148
    Info (12134): Parameter "LPM_WIDTHN" = "14"
    Info (12134): Parameter "LPM_WIDTHD" = "7"
    Info (12134): Parameter "LPM_NREPRESENTATION" = "UNSIGNED"
    Info (12134): Parameter "LPM_DREPRESENTATION" = "UNSIGNED"
Info (12021): Found 1 design units, including 1 entities, in source file db/lpm_divide_6bm.tdf
    Info (12023): Found entity 1: lpm_divide_6bm File: /home/alejandro/github-classroom/digital-electronics-UNAL/proyecto-2025-ii-ed-g5-e1/db/lpm_divide_6bm.tdf Line: 25
Info (12021): Found 1 design units, including 1 entities, in source file db/sign_div_unsign_slh.tdf
    Info (12023): Found entity 1: sign_div_unsign_slh File: /home/alejandro/github-classroom/digital-electronics-UNAL/proyecto-2025-ii-ed-g5-e1/db/sign_div_unsign_slh.tdf Line: 25
Info (12021): Found 1 design units, including 1 entities, in source file db/alt_u_div_b7f.tdf
    Info (12023): Found entity 1: alt_u_div_b7f File: /home/alejandro/github-classroom/digital-electronics-UNAL/proyecto-2025-ii-ed-g5-e1/db/alt_u_div_b7f.tdf Line: 27
Warning (12241): 1 hierarchies have connectivity warnings - see the Connectivity Checks report folder
Info (13000): Registers with preset signals will power-up high File: /home/alejandro/github-classroom/digital-electronics-UNAL/proyecto-2025-ii-ed-g5-e1/proyecto/teclado.v Line: 88
Info (13003): DEV_CLRn pin will set, and not reset, register with preset signal due to NOT Gate Push-Back
Warning (13024): Output pins are stuck at VCC or GND
    Warning (13410): Pin "rw" is stuck at GND File: /home/alejandro/github-classroom/digital-electronics-UNAL/proyecto-2025-ii-ed-g5-e1/proyecto/top_LCD.v Line: 13
Info (286030): Timing-Driven Synthesis is running
Info (17049): 5 registers lost all their fanouts during netlist optimizations.
Info (144001): Generated suppressed messages file /home/alejandro/github-classroom/digital-electronics-UNAL/proyecto-2025-ii-ed-g5-e1/output_files/lcdteclado.map.smsg
Info (16010): Generating hard_block partition "hard_block:auto_generated_inst"
    Info (16011): Adding 0 node(s), including 0 DDIO, 0 PLL, 0 transceiver and 0 LCELL
Warning (21074): Design contains 1 input pin(s) that do not drive logic
    Warning (15610): No output dependent on input pin "distance" File: /home/alejandro/github-classroom/digital-electronics-UNAL/proyecto-2025-ii-ed-g5-e1/proyecto/top_LCD.v Line: 5
Info (21057): Implemented 413 device resources after synthesis - the final resource count might be different
    Info (21058): Implemented 8 input pins
    Info (21059): Implemented 15 output pins
    Info (21061): Implemented 390 logic cells
Info: Quartus Prime Analysis & Synthesis was successful. 0 errors, 21 warnings
    Info: Peak virtual memory: 394 megabytes
    Info: Processing ended: Thu Dec 11 03:40:50 2025
    Info: Elapsed time: 00:00:17
    Info: Total CPU time (on all processors): 00:00:37


+------------------------------------------+
; Analysis & Synthesis Suppressed Messages ;
+------------------------------------------+
The suppressed messages can be found in /home/alejandro/github-classroom/digital-electronics-UNAL/proyecto-2025-ii-ed-g5-e1/output_files/lcdteclado.map.smsg.


