Analysis & Synthesis report for pruebalcdestatica
Wed Dec 10 20:58:56 2025
Quartus Prime Version 24.1std.0 Build 1077 03/04/2025 SC Lite Edition


---------------------
; Table of Contents ;
---------------------
  1. Legal Notice
  2. Analysis & Synthesis Summary
  3. Analysis & Synthesis Settings
  4. Parallel Compilation
  5. Analysis & Synthesis Source Files Read
  6. Analysis & Synthesis Resource Usage Summary
  7. Analysis & Synthesis Resource Utilization by Entity
  8. State Machine - |mensaje_Off_LCD|fsm_state
  9. Registers Removed During Synthesis
 10. General Register Statistics
 11. Multiplexer Restructuring Statistics (Restructuring Performed)
 12. Parameter Settings for User Entity Instance: Top-level Entity: |mensaje_Off_LCD
 13. Post-Synthesis Netlist Statistics for Top Partition
 14. Elapsed Time Per Partition
 15. Analysis & Synthesis Messages
 16. Analysis & Synthesis Suppressed Messages



----------------
; Legal Notice ;
----------------
Copyright (C) 2025  Altera Corporation. All rights reserved.
Your use of Altera Corporation's design tools, logic functions 
and other software and tools, and any partner logic 
functions, and any output files from any of the foregoing 
(including device programming or simulation files), and any 
associated documentation or information are expressly subject 
to the terms and conditions of the Altera Program License 
Subscription Agreement, the Altera Quartus Prime License Agreement,
the Altera IP License Agreement, or other applicable license
agreement, including, without limitation, that your use is for
the sole purpose of programming logic devices manufactured by
Altera and sold by Altera or its authorized distributors.  Please
refer to the Altera Software License Subscription Agreements 
on the Quartus Prime software download page.



+--------------------------------------------------------------------------------------+
; Analysis & Synthesis Summary                                                         ;
+------------------------------------+-------------------------------------------------+
; Analysis & Synthesis Status        ; Successful - Wed Dec 10 20:58:56 2025           ;
; Quartus Prime Version              ; 24.1std.0 Build 1077 03/04/2025 SC Lite Edition ;
; Revision Name                      ; pruebalcdestatica                               ;
; Top-level Entity Name              ; mensaje_Off_LCD                                 ;
; Family                             ; Cyclone IV E                                    ;
; Total logic elements               ; 95                                              ;
;     Total combinational functions  ; 94                                              ;
;     Dedicated logic registers      ; 46                                              ;
; Total registers                    ; 46                                              ;
; Total pins                         ; 17                                              ;
; Total virtual pins                 ; 0                                               ;
; Total memory bits                  ; 0                                               ;
; Embedded Multiplier 9-bit elements ; 0                                               ;
; Total PLLs                         ; 0                                               ;
+------------------------------------+-------------------------------------------------+


+------------------------------------------------------------------------------------------------------------+
; Analysis & Synthesis Settings                                                                              ;
+------------------------------------------------------------------+--------------------+--------------------+
; Option                                                           ; Setting            ; Default Value      ;
+------------------------------------------------------------------+--------------------+--------------------+
; Device                                                           ; EP4CE10E22C8       ;                    ;
; Top-level entity name                                            ; mensaje_Off_LCD    ; pruebalcdestatica  ;
; Family name                                                      ; Cyclone IV E       ; Cyclone V          ;
; Use smart compilation                                            ; Off                ; Off                ;
; Enable parallel Assembler and Timing Analyzer during compilation ; On                 ; On                 ;
; Enable compact report table                                      ; Off                ; Off                ;
; Restructure Multiplexers                                         ; Auto               ; Auto               ;
; Create Debugging Nodes for IP Cores                              ; Off                ; Off                ;
; Preserve fewer node names                                        ; On                 ; On                 ;
; Intel FPGA IP Evaluation Mode                                    ; Enable             ; Enable             ;
; Verilog Version                                                  ; Verilog_2001       ; Verilog_2001       ;
; VHDL Version                                                     ; VHDL_1993          ; VHDL_1993          ;
; State Machine Processing                                         ; Auto               ; Auto               ;
; Safe State Machine                                               ; Off                ; Off                ;
; Extract Verilog State Machines                                   ; On                 ; On                 ;
; Extract VHDL State Machines                                      ; On                 ; On                 ;
; Ignore Verilog initial constructs                                ; Off                ; Off                ;
; Iteration limit for constant Verilog loops                       ; 5000               ; 5000               ;
; Iteration limit for non-constant Verilog loops                   ; 250                ; 250                ;
; Add Pass-Through Logic to Inferred RAMs                          ; On                 ; On                 ;
; Infer RAMs from Raw Logic                                        ; On                 ; On                 ;
; Parallel Synthesis                                               ; On                 ; On                 ;
; DSP Block Balancing                                              ; Auto               ; Auto               ;
; NOT Gate Push-Back                                               ; On                 ; On                 ;
; Power-Up Don't Care                                              ; On                 ; On                 ;
; Remove Redundant Logic Cells                                     ; Off                ; Off                ;
; Remove Duplicate Registers                                       ; On                 ; On                 ;
; Ignore CARRY Buffers                                             ; Off                ; Off                ;
; Ignore CASCADE Buffers                                           ; Off                ; Off                ;
; Ignore GLOBAL Buffers                                            ; Off                ; Off                ;
; Ignore ROW GLOBAL Buffers                                        ; Off                ; Off                ;
; Ignore LCELL Buffers                                             ; Off                ; Off                ;
; Ignore SOFT Buffers                                              ; On                 ; On                 ;
; Limit AHDL Integers to 32 Bits                                   ; Off                ; Off                ;
; Optimization Technique                                           ; Balanced           ; Balanced           ;
; Carry Chain Length                                               ; 70                 ; 70                 ;
; Auto Carry Chains                                                ; On                 ; On                 ;
; Auto Open-Drain Pins                                             ; On                 ; On                 ;
; Perform WYSIWYG Primitive Resynthesis                            ; Off                ; Off                ;
; Auto ROM Replacement                                             ; On                 ; On                 ;
; Auto RAM Replacement                                             ; On                 ; On                 ;
; Auto DSP Block Replacement                                       ; On                 ; On                 ;
; Auto Shift Register Replacement                                  ; Auto               ; Auto               ;
; Allow Shift Register Merging across Hierarchies                  ; Auto               ; Auto               ;
; Auto Clock Enable Replacement                                    ; On                 ; On                 ;
; Strict RAM Replacement                                           ; Off                ; Off                ;
; Allow Synchronous Control Signals                                ; On                 ; On                 ;
; Force Use of Synchronous Clear Signals                           ; Off                ; Off                ;
; Auto RAM Block Balancing                                         ; On                 ; On                 ;
; Auto RAM to Logic Cell Conversion                                ; Off                ; Off                ;
; Auto Resource Sharing                                            ; Off                ; Off                ;
; Allow Any RAM Size For Recognition                               ; Off                ; Off                ;
; Allow Any ROM Size For Recognition                               ; Off                ; Off                ;
; Allow Any Shift Register Size For Recognition                    ; Off                ; Off                ;
; Use LogicLock Constraints during Resource Balancing              ; On                 ; On                 ;
; Ignore translate_off and synthesis_off directives                ; Off                ; Off                ;
; Timing-Driven Synthesis                                          ; On                 ; On                 ;
; Report Parameter Settings                                        ; On                 ; On                 ;
; Report Source Assignments                                        ; On                 ; On                 ;
; Report Connectivity Checks                                       ; On                 ; On                 ;
; Ignore Maximum Fan-Out Assignments                               ; Off                ; Off                ;
; Synchronization Register Chain Length                            ; 2                  ; 2                  ;
; Power Optimization During Synthesis                              ; Normal compilation ; Normal compilation ;
; HDL message level                                                ; Level2             ; Level2             ;
; Suppress Register Optimization Related Messages                  ; Off                ; Off                ;
; Number of Removed Registers Reported in Synthesis Report         ; 5000               ; 5000               ;
; Number of Swept Nodes Reported in Synthesis Report               ; 5000               ; 5000               ;
; Number of Inverted Registers Reported in Synthesis Report        ; 100                ; 100                ;
; Clock MUX Protection                                             ; On                 ; On                 ;
; Auto Gated Clock Conversion                                      ; Off                ; Off                ;
; Block Design Naming                                              ; Auto               ; Auto               ;
; SDC constraint protection                                        ; Off                ; Off                ;
; Synthesis Effort                                                 ; Auto               ; Auto               ;
; Shift Register Replacement - Allow Asynchronous Clear Signal     ; On                 ; On                 ;
; Pre-Mapping Resynthesis Optimization                             ; Off                ; Off                ;
; Analysis & Synthesis Message Level                               ; Medium             ; Medium             ;
; Disable Register Merging Across Hierarchies                      ; Auto               ; Auto               ;
; Resource Aware Inference For Block RAM                           ; On                 ; On                 ;
+------------------------------------------------------------------+--------------------+--------------------+


+------------------------------------------+
; Parallel Compilation                     ;
+----------------------------+-------------+
; Processors                 ; Number      ;
+----------------------------+-------------+
; Number detected on machine ; 4           ;
; Maximum allowed            ; 2           ;
;                            ;             ;
; Average used               ; 1.00        ;
; Maximum used               ; 2           ;
;                            ;             ;
; Usage by Processor         ; % Time Used ;
;     Processor 1            ; 100.0%      ;
;     Processor 2            ;   0.0%      ;
+----------------------------+-------------+


+--------------------------------------------------------------------------------------------------------------------------------------------------------------------------------------------------------+
; Analysis & Synthesis Source Files Read                                                                                                                                                                 ;
+----------------------------------+-----------------+------------------------+----------------------------------------------------------------------------------------------------------------+---------+
; File Name with User-Entered Path ; Used in Netlist ; File Type              ; File Name with Absolute Path                                                                                   ; Library ;
+----------------------------------+-----------------+------------------------+----------------------------------------------------------------------------------------------------------------+---------+
; proyecto/mensaje_Off_LCD.v       ; yes             ; User Verilog HDL File  ; /home/alejandro/github-classroom/digital-electronics-UNAL/proyecto-2025-ii-ed-g5-e1/proyecto/mensaje_Off_LCD.v ;         ;
+----------------------------------+-----------------+------------------------+----------------------------------------------------------------------------------------------------------------+---------+


+--------------------------------------------------------+
; Analysis & Synthesis Resource Usage Summary            ;
+---------------------------------------------+----------+
; Resource                                    ; Usage    ;
+---------------------------------------------+----------+
; Estimated Total logic elements              ; 95       ;
;                                             ;          ;
; Total combinational functions               ; 94       ;
; Logic element usage by number of LUT inputs ;          ;
;     -- 4 input functions                    ; 44       ;
;     -- 3 input functions                    ; 17       ;
;     -- <=2 input functions                  ; 33       ;
;                                             ;          ;
; Logic elements by mode                      ;          ;
;     -- normal mode                          ; 71       ;
;     -- arithmetic mode                      ; 23       ;
;                                             ;          ;
; Total registers                             ; 46       ;
;     -- Dedicated logic registers            ; 46       ;
;     -- I/O registers                        ; 0        ;
;                                             ;          ;
; I/O pins                                    ; 17       ;
;                                             ;          ;
; Embedded Multiplier 9-bit elements          ; 0        ;
;                                             ;          ;
; Maximum fan-out node                        ; clk_16ms ;
; Maximum fan-out                             ; 26       ;
; Total fan-out                               ; 427      ;
; Average fan-out                             ; 2.45     ;
+---------------------------------------------+----------+


+--------------------------------------------------------------------------------------------------------------------------------------------------------------------------------------------------------------+
; Analysis & Synthesis Resource Utilization by Entity                                                                                                                                                          ;
+----------------------------+---------------------+---------------------------+-------------+--------------+---------+-----------+------+--------------+---------------------+-----------------+--------------+
; Compilation Hierarchy Node ; Combinational ALUTs ; Dedicated Logic Registers ; Memory Bits ; DSP Elements ; DSP 9x9 ; DSP 18x18 ; Pins ; Virtual Pins ; Full Hierarchy Name ; Entity Name     ; Library Name ;
+----------------------------+---------------------+---------------------------+-------------+--------------+---------+-----------+------+--------------+---------------------+-----------------+--------------+
; |mensaje_Off_LCD           ; 94 (94)             ; 46 (46)                   ; 0           ; 0            ; 0       ; 0         ; 17   ; 0            ; |mensaje_Off_LCD    ; mensaje_Off_LCD ; work         ;
+----------------------------+---------------------+---------------------------+-------------+--------------+---------+-----------+------+--------------+---------------------+-----------------+--------------+
Note: For table entries with two numbers listed, the numbers in parentheses indicate the number of resources of the given type used by the specific entity alone. The numbers listed outside of parentheses indicate the total resources of the given type used by the specific entity and all of its sub-entities in the hierarchy.


Encoding Type:  One-Hot
+-------------------------------------------------------------------------------------------------------------------------------------------------+
; State Machine - |mensaje_Off_LCD|fsm_state                                                                                                      ;
+----------------------+----------------------+-------------------+-------------------+----------------------+-------------------+----------------+
; Name                 ; fsm_state.CHANGE_MNS ; fsm_state.DISPLAY ; fsm_state.WR_TEXT ; fsm_state.CONFIG_CMD ; fsm_state.APAGADO ; fsm_state.IDLE ;
+----------------------+----------------------+-------------------+-------------------+----------------------+-------------------+----------------+
; fsm_state.IDLE       ; 0                    ; 0                 ; 0                 ; 0                    ; 0                 ; 0              ;
; fsm_state.APAGADO    ; 0                    ; 0                 ; 0                 ; 0                    ; 1                 ; 1              ;
; fsm_state.CONFIG_CMD ; 0                    ; 0                 ; 0                 ; 1                    ; 0                 ; 1              ;
; fsm_state.WR_TEXT    ; 0                    ; 0                 ; 1                 ; 0                    ; 0                 ; 1              ;
; fsm_state.DISPLAY    ; 0                    ; 1                 ; 0                 ; 0                    ; 0                 ; 1              ;
; fsm_state.CHANGE_MNS ; 1                    ; 0                 ; 0                 ; 0                    ; 0                 ; 1              ;
+----------------------+----------------------+-------------------+-------------------+----------------------+-------------------+----------------+


+--------------------------------------------------------------------------------+
; Registers Removed During Synthesis                                             ;
+---------------------------------------+----------------------------------------+
; Register name                         ; Reason for Removal                     ;
+---------------------------------------+----------------------------------------+
; dat[7]~reg0                           ; Stuck at GND due to stuck port data_in ;
; fsm_state~2                           ; Lost fanout                            ;
; fsm_state~3                           ; Lost fanout                            ;
; fsm_state~4                           ; Lost fanout                            ;
; Total Number of Removed Registers = 4 ;                                        ;
+---------------------------------------+----------------------------------------+


+------------------------------------------------------+
; General Register Statistics                          ;
+----------------------------------------------+-------+
; Statistic                                    ; Value ;
+----------------------------------------------+-------+
; Total registers                              ; 46    ;
; Number of registers using Synchronous Clear  ; 16    ;
; Number of registers using Synchronous Load   ; 0     ;
; Number of registers using Asynchronous Clear ; 0     ;
; Number of registers using Asynchronous Load  ; 0     ;
; Number of registers using Clock Enable       ; 2     ;
; Number of registers using Preset             ; 0     ;
+----------------------------------------------+-------+


+--------------------------------------------------------------------------------------------------------------------------------------------+
; Multiplexer Restructuring Statistics (Restructuring Performed)                                                                             ;
+--------------------+-----------+---------------+----------------------+------------------------+------------+------------------------------+
; Multiplexer Inputs ; Bus Width ; Baseline Area ; Area if Restructured ; Saving if Restructured ; Registered ; Example Multiplexer Output   ;
+--------------------+-----------+---------------+----------------------+------------------------+------------+------------------------------+
; 3:1                ; 2 bits    ; 4 LEs         ; 2 LEs                ; 2 LEs                  ; Yes        ; |mensaje_Off_LCD|mns_prev[1] ;
+--------------------+-----------+---------------+----------------------+------------------------+------------+------------------------------+


+---------------------------------------------------------------------------------+
; Parameter Settings for User Entity Instance: Top-level Entity: |mensaje_Off_LCD ;
+----------------+--------+-------------------------------------------------------+
; Parameter Name ; Value  ; Type                                                  ;
+----------------+--------+-------------------------------------------------------+
; NUM_COMMANDS   ; 4      ; Signed Integer                                        ;
; NUM_DATA       ; 16     ; Signed Integer                                        ;
; DATA_BITS      ; 8      ; Signed Integer                                        ;
; DATA           ; 0      ; Signed Integer                                        ;
; COUNT_MAX      ; 800000 ; Signed Integer                                        ;
+----------------+--------+-------------------------------------------------------+
Note: In order to hide this table in the UI and the text report file, please set the "Show Parameter Settings in Synthesis Report" option in "Analysis and Synthesis Settings -> More Settings" to "Off".


+-----------------------------------------------------+
; Post-Synthesis Netlist Statistics for Top Partition ;
+-----------------------+-----------------------------+
; Type                  ; Count                       ;
+-----------------------+-----------------------------+
; boundary_port         ; 17                          ;
; cycloneiii_ff         ; 46                          ;
;     ENA               ; 2                           ;
;     SCLR              ; 16                          ;
;     plain             ; 28                          ;
; cycloneiii_lcell_comb ; 95                          ;
;     arith             ; 23                          ;
;         2 data inputs ; 23                          ;
;     normal            ; 72                          ;
;         0 data inputs ; 1                           ;
;         1 data inputs ; 2                           ;
;         2 data inputs ; 8                           ;
;         3 data inputs ; 17                          ;
;         4 data inputs ; 44                          ;
;                       ;                             ;
; Max LUT depth         ; 5.00                        ;
; Average LUT depth     ; 3.24                        ;
+-----------------------+-----------------------------+


+-------------------------------+
; Elapsed Time Per Partition    ;
+----------------+--------------+
; Partition Name ; Elapsed Time ;
+----------------+--------------+
; Top            ; 00:00:01     ;
+----------------+--------------+


+-------------------------------+
; Analysis & Synthesis Messages ;
+-------------------------------+
Info: *******************************************************************
Info: Running Quartus Prime Analysis & Synthesis
    Info: Version 24.1std.0 Build 1077 03/04/2025 SC Lite Edition
    Info: Processing started: Wed Dec 10 20:58:42 2025
Info: Command: quartus_map --read_settings_files=on --write_settings_files=off pruebalcdestatica -c pruebalcdestatica
Warning (18236): Number of processors has not been specified which may cause overloading on shared machines.  Set the global assignment NUM_PARALLEL_PROCESSORS in your QSF to an appropriate value for best performance.
Info (20030): Parallel compilation is enabled and will use 2 of the 2 processors detected
Info (12021): Found 1 design units, including 1 entities, in source file proyecto/mensaje_Off_LCD.v
    Info (12023): Found entity 1: mensaje_Off_LCD File: /home/alejandro/github-classroom/digital-electronics-UNAL/proyecto-2025-ii-ed-g5-e1/proyecto/mensaje_Off_LCD.v Line: 1
Info (12127): Elaborating entity "mensaje_Off_LCD" for the top level hierarchy
Warning (10036): Verilog HDL or VHDL warning at mensaje_Off_LCD.v(45): object "Apagar" assigned a value but never read File: /home/alejandro/github-classroom/digital-electronics-UNAL/proyecto-2025-ii-ed-g5-e1/proyecto/mensaje_Off_LCD.v Line: 45
Warning (10230): Verilog HDL assignment warning at mensaje_Off_LCD.v(84): truncated value with size 32 to match size of target (20) File: /home/alejandro/github-classroom/digital-electronics-UNAL/proyecto-2025-ii-ed-g5-e1/proyecto/mensaje_Off_LCD.v Line: 84
Warning (10230): Verilog HDL assignment warning at mensaje_Off_LCD.v(162): truncated value with size 32 to match size of target (3) File: /home/alejandro/github-classroom/digital-electronics-UNAL/proyecto-2025-ii-ed-g5-e1/proyecto/mensaje_Off_LCD.v Line: 162
Warning (10230): Verilog HDL assignment warning at mensaje_Off_LCD.v(176): truncated value with size 32 to match size of target (5) File: /home/alejandro/github-classroom/digital-electronics-UNAL/proyecto-2025-ii-ed-g5-e1/proyecto/mensaje_Off_LCD.v Line: 176
Warning (10030): Net "config_mem.data_a" at mensaje_Off_LCD.v(48) has no driver or initial value, using a default initial value '0' File: /home/alejandro/github-classroom/digital-electronics-UNAL/proyecto-2025-ii-ed-g5-e1/proyecto/mensaje_Off_LCD.v Line: 48
Warning (10030): Net "config_mem.waddr_a" at mensaje_Off_LCD.v(48) has no driver or initial value, using a default initial value '0' File: /home/alejandro/github-classroom/digital-electronics-UNAL/proyecto-2025-ii-ed-g5-e1/proyecto/mensaje_Off_LCD.v Line: 48
Warning (10030): Net "mensaje0.data_a" at mensaje_Off_LCD.v(49) has no driver or initial value, using a default initial value '0' File: /home/alejandro/github-classroom/digital-electronics-UNAL/proyecto-2025-ii-ed-g5-e1/proyecto/mensaje_Off_LCD.v Line: 49
Warning (10030): Net "mensaje0.waddr_a" at mensaje_Off_LCD.v(49) has no driver or initial value, using a default initial value '0' File: /home/alejandro/github-classroom/digital-electronics-UNAL/proyecto-2025-ii-ed-g5-e1/proyecto/mensaje_Off_LCD.v Line: 49
Warning (10030): Net "mensaje1.data_a" at mensaje_Off_LCD.v(50) has no driver or initial value, using a default initial value '0' File: /home/alejandro/github-classroom/digital-electronics-UNAL/proyecto-2025-ii-ed-g5-e1/proyecto/mensaje_Off_LCD.v Line: 50
Warning (10030): Net "mensaje1.waddr_a" at mensaje_Off_LCD.v(50) has no driver or initial value, using a default initial value '0' File: /home/alejandro/github-classroom/digital-electronics-UNAL/proyecto-2025-ii-ed-g5-e1/proyecto/mensaje_Off_LCD.v Line: 50
Warning (10030): Net "mensaje2.data_a" at mensaje_Off_LCD.v(51) has no driver or initial value, using a default initial value '0' File: /home/alejandro/github-classroom/digital-electronics-UNAL/proyecto-2025-ii-ed-g5-e1/proyecto/mensaje_Off_LCD.v Line: 51
Warning (10030): Net "mensaje2.waddr_a" at mensaje_Off_LCD.v(51) has no driver or initial value, using a default initial value '0' File: /home/alejandro/github-classroom/digital-electronics-UNAL/proyecto-2025-ii-ed-g5-e1/proyecto/mensaje_Off_LCD.v Line: 51
Warning (10030): Net "mensaje3.data_a" at mensaje_Off_LCD.v(52) has no driver or initial value, using a default initial value '0' File: /home/alejandro/github-classroom/digital-electronics-UNAL/proyecto-2025-ii-ed-g5-e1/proyecto/mensaje_Off_LCD.v Line: 52
Warning (10030): Net "mensaje3.waddr_a" at mensaje_Off_LCD.v(52) has no driver or initial value, using a default initial value '0' File: /home/alejandro/github-classroom/digital-electronics-UNAL/proyecto-2025-ii-ed-g5-e1/proyecto/mensaje_Off_LCD.v Line: 52
Warning (10030): Net "config_mem.we_a" at mensaje_Off_LCD.v(48) has no driver or initial value, using a default initial value '0' File: /home/alejandro/github-classroom/digital-electronics-UNAL/proyecto-2025-ii-ed-g5-e1/proyecto/mensaje_Off_LCD.v Line: 48
Warning (10030): Net "mensaje0.we_a" at mensaje_Off_LCD.v(49) has no driver or initial value, using a default initial value '0' File: /home/alejandro/github-classroom/digital-electronics-UNAL/proyecto-2025-ii-ed-g5-e1/proyecto/mensaje_Off_LCD.v Line: 49
Warning (10030): Net "mensaje1.we_a" at mensaje_Off_LCD.v(50) has no driver or initial value, using a default initial value '0' File: /home/alejandro/github-classroom/digital-electronics-UNAL/proyecto-2025-ii-ed-g5-e1/proyecto/mensaje_Off_LCD.v Line: 50
Warning (10030): Net "mensaje2.we_a" at mensaje_Off_LCD.v(51) has no driver or initial value, using a default initial value '0' File: /home/alejandro/github-classroom/digital-electronics-UNAL/proyecto-2025-ii-ed-g5-e1/proyecto/mensaje_Off_LCD.v Line: 51
Warning (10030): Net "mensaje3.we_a" at mensaje_Off_LCD.v(52) has no driver or initial value, using a default initial value '0' File: /home/alejandro/github-classroom/digital-electronics-UNAL/proyecto-2025-ii-ed-g5-e1/proyecto/mensaje_Off_LCD.v Line: 52
Info (276014): Found 5 instances of uninferred RAM logic
    Info (276004): RAM logic "mensaje0" is uninferred due to inappropriate RAM size File: /home/alejandro/github-classroom/digital-electronics-UNAL/proyecto-2025-ii-ed-g5-e1/proyecto/mensaje_Off_LCD.v Line: 49
    Info (276004): RAM logic "mensaje1" is uninferred due to inappropriate RAM size File: /home/alejandro/github-classroom/digital-electronics-UNAL/proyecto-2025-ii-ed-g5-e1/proyecto/mensaje_Off_LCD.v Line: 50
    Info (276004): RAM logic "mensaje2" is uninferred due to inappropriate RAM size File: /home/alejandro/github-classroom/digital-electronics-UNAL/proyecto-2025-ii-ed-g5-e1/proyecto/mensaje_Off_LCD.v Line: 51
    Info (276004): RAM logic "mensaje3" is uninferred due to inappropriate RAM size File: /home/alejandro/github-classroom/digital-electronics-UNAL/proyecto-2025-ii-ed-g5-e1/proyecto/mensaje_Off_LCD.v Line: 52
    Info (276004): RAM logic "config_mem" is uninferred due to inappropriate RAM size File: /home/alejandro/github-classroom/digital-electronics-UNAL/proyecto-2025-ii-ed-g5-e1/proyecto/mensaje_Off_LCD.v Line: 48
Warning (127007): Memory Initialization File or Hexadecimal (Intel-Format) File "/home/alejandro/github-classroom/digital-electronics-UNAL/proyecto-2025-ii-ed-g5-e1/db/pruebalcdestatica.ram1_mensaje_Off_LCD_d53be91a.hdl.mif" contains "don't care" values -- overwriting them with 0s
Warning (127007): Memory Initialization File or Hexadecimal (Intel-Format) File "/home/alejandro/github-classroom/digital-electronics-UNAL/proyecto-2025-ii-ed-g5-e1/db/pruebalcdestatica.ram2_mensaje_Off_LCD_d53be91a.hdl.mif" contains "don't care" values -- overwriting them with 0s
Warning (127007): Memory Initialization File or Hexadecimal (Intel-Format) File "/home/alejandro/github-classroom/digital-electronics-UNAL/proyecto-2025-ii-ed-g5-e1/db/pruebalcdestatica.ram3_mensaje_Off_LCD_d53be91a.hdl.mif" contains "don't care" values -- overwriting them with 0s
Warning (127007): Memory Initialization File or Hexadecimal (Intel-Format) File "/home/alejandro/github-classroom/digital-electronics-UNAL/proyecto-2025-ii-ed-g5-e1/db/pruebalcdestatica.ram4_mensaje_Off_LCD_d53be91a.hdl.mif" contains "don't care" values -- overwriting them with 0s
Warning (13024): Output pins are stuck at VCC or GND
    Warning (13410): Pin "rw" is stuck at GND File: /home/alejandro/github-classroom/digital-electronics-UNAL/proyecto-2025-ii-ed-g5-e1/proyecto/mensaje_Off_LCD.v Line: 14
    Warning (13410): Pin "dat[7]" is stuck at GND File: /home/alejandro/github-classroom/digital-electronics-UNAL/proyecto-2025-ii-ed-g5-e1/proyecto/mensaje_Off_LCD.v Line: 129
Info (286030): Timing-Driven Synthesis is running
Info (17049): 3 registers lost all their fanouts during netlist optimizations.
Info (144001): Generated suppressed messages file /home/alejandro/github-classroom/digital-electronics-UNAL/proyecto-2025-ii-ed-g5-e1/output_files/pruebalcdestatica.map.smsg
Info (16010): Generating hard_block partition "hard_block:auto_generated_inst"
    Info (16011): Adding 0 node(s), including 0 DDIO, 0 PLL, 0 transceiver and 0 LCELL
Info (21057): Implemented 114 device resources after synthesis - the final resource count might be different
    Info (21058): Implemented 6 input pins
    Info (21059): Implemented 11 output pins
    Info (21061): Implemented 97 logic cells
Info: Quartus Prime Analysis & Synthesis was successful. 0 errors, 27 warnings
    Info: Peak virtual memory: 364 megabytes
    Info: Processing ended: Wed Dec 10 20:58:56 2025
    Info: Elapsed time: 00:00:14
    Info: Total CPU time (on all processors): 00:00:34


+------------------------------------------+
; Analysis & Synthesis Suppressed Messages ;
+------------------------------------------+
The suppressed messages can be found in /home/alejandro/github-classroom/digital-electronics-UNAL/proyecto-2025-ii-ed-g5-e1/output_files/pruebalcdestatica.map.smsg.


